[2018-02-07 14:53:58 星期三] Connect to www.yiyuen.com:80 timed out
org.apache.http.conn.scheme.PlainSocketFactory.connectSocket(PlainSocketFactory.java:123)
org.apache.http.impl.conn.DefaultClientConnectionOperator.openConnection(DefaultClientConnectionOperator.java:180)
org.apache.http.impl.conn.ManagedClientConnectionImpl.open(ManagedClientConnectionImpl.java:326)
org.apache.http.impl.client.DefaultRequestDirector.tryConnect(DefaultRequestDirector.java:610)
org.apache.http.impl.client.DefaultRequestDirector.execute(DefaultRequestDirector.java:445)
org.apache.http.impl.client.AbstractHttpClient.doExecute(AbstractHttpClient.java:835)
org.apache.http.impl.client.CloseableHttpClient.execute(CloseableHttpClient.java:72)
org.apache.http.impl.client.CloseableHttpClient.execute(CloseableHttpClient.java:221)
org.apache.http.impl.client.CloseableHttpClient.execute(CloseableHttpClient.java:165)
org.apache.http.impl.client.CloseableHttpClient.execute(CloseableHttpClient.java:140)
com.rt.util.http.HttpUtil.post(HttpUtil.java:151)
com.yy.servermonitor.Reportor.report(Reportor.java:86)
com.yy.servermonitor.Watcher.report(Watcher.java:178)
com.yy.servermonitor.Watcher.access$0(Watcher.java:101)
com.yy.servermonitor.Watcher$1.run(Watcher.java:89)
java.util.TimerThread.mainLoop(Unknown Source)
java.util.TimerThread.run(Unknown Source)

[2018-02-07 15:23:07 星期三] Connect to www.yiyuen.com:80 timed out
org.apache.http.conn.scheme.PlainSocketFactory.connectSocket(PlainSocketFactory.java:123)
org.apache.http.impl.conn.DefaultClientConnectionOperator.openConnection(DefaultClientConnectionOperator.java:180)
org.apache.http.impl.conn.ManagedClientConnectionImpl.open(ManagedClientConnectionImpl.java:326)
org.apache.http.impl.client.DefaultRequestDirector.tryConnect(DefaultRequestDirector.java:610)
org.apache.http.impl.client.DefaultRequestDirector.execute(DefaultRequestDirector.java:445)
org.apache.http.impl.client.AbstractHttpClient.doExecute(AbstractHttpClient.java:835)
org.apache.http.impl.client.CloseableHttpClient.execute(CloseableHttpClient.java:72)
org.apache.http.impl.client.CloseableHttpClient.execute(CloseableHttpClient.java:221)
org.apache.http.impl.client.CloseableHttpClient.execute(CloseableHttpClient.java:165)
org.apache.http.impl.client.CloseableHttpClient.execute(CloseableHttpClient.java:140)
com.rt.util.http.HttpUtil.post(HttpUtil.java:151)
com.yy.servermonitor.Reportor.report(Reportor.java:86)
com.yy.servermonitor.Watcher.report(Watcher.java:178)
com.yy.servermonitor.Watcher.access$0(Watcher.java:101)
com.yy.servermonitor.Watcher$1.run(Watcher.java:89)
java.util.TimerThread.mainLoop(Unknown Source)
java.util.TimerThread.run(Unknown Source)

[2018-02-07 15:31:45 星期三] Connect to www.yiyuen.com:80 timed out
org.apache.http.conn.scheme.PlainSocketFactory.connectSocket(PlainSocketFactory.java:123)
org.apache.http.impl.conn.DefaultClientConnectionOperator.openConnection(DefaultClientConnectionOperator.java:180)
org.apache.http.impl.conn.ManagedClientConnectionImpl.open(ManagedClientConnectionImpl.java:326)
org.apache.http.impl.client.DefaultRequestDirector.tryConnect(DefaultRequestDirector.java:610)
org.apache.http.impl.client.DefaultRequestDirector.execute(DefaultRequestDirector.java:445)
org.apache.http.impl.client.AbstractHttpClient.doExecute(AbstractHttpClient.java:835)
org.apache.http.impl.client.CloseableHttpClient.execute(CloseableHttpClient.java:72)
org.apache.http.impl.client.CloseableHttpClient.execute(CloseableHttpClient.java:221)
org.apache.http.impl.client.CloseableHttpClient.execute(CloseableHttpClient.java:165)
org.apache.http.impl.client.CloseableHttpClient.execute(CloseableHttpClient.java:140)
com.rt.util.http.HttpUtil.post(HttpUtil.java:151)
com.yy.servermonitor.Reportor.report(Reportor.java:86)
com.yy.servermonitor.Watcher.report(Watcher.java:178)
com.yy.servermonitor.Watcher.access$0(Watcher.java:101)
com.yy.servermonitor.Watcher$1.run(Watcher.java:89)
java.util.TimerThread.mainLoop(Unknown Source)
java.util.TimerThread.run(Unknown Source)

[2018-02-07 15:49:18 星期三] Connect to www.yiyuen.com:80 timed out
org.apache.http.conn.scheme.PlainSocketFactory.connectSocket(PlainSocketFactory.java:123)
org.apache.http.impl.conn.DefaultClientConnectionOperator.openConnection(DefaultClientConnectionOperator.java:180)
org.apache.http.impl.conn.ManagedClientConnectionImpl.open(ManagedClientConnectionImpl.java:326)
org.apache.http.impl.client.DefaultRequestDirector.tryConnect(DefaultRequestDirector.java:610)
org.apache.http.impl.client.DefaultRequestDirector.execute(DefaultRequestDirector.java:445)
org.apache.http.impl.client.AbstractHttpClient.doExecute(AbstractHttpClient.java:835)
org.apache.http.impl.client.CloseableHttpClient.execute(CloseableHttpClient.java:72)
org.apache.http.impl.client.CloseableHttpClient.execute(CloseableHttpClient.java:221)
org.apache.http.impl.client.CloseableHttpClient.execute(CloseableHttpClient.java:165)
org.apache.http.impl.client.CloseableHttpClient.execute(CloseableHttpClient.java:140)
com.rt.util.http.HttpUtil.post(HttpUtil.java:151)
com.yy.servermonitor.Reportor.report(Reportor.java:86)
com.yy.servermonitor.Watcher.report(Watcher.java:178)
com.yy.servermonitor.Watcher.access$0(Watcher.java:101)
com.yy.servermonitor.Watcher$1.run(Watcher.java:89)
java.util.TimerThread.mainLoop(Unknown Source)
java.util.TimerThread.run(Unknown Source)

[2018-02-07 15:53:18 星期三] Connect to www.yiyuen.com:80 timed out
org.apache.http.conn.scheme.PlainSocketFactory.connectSocket(PlainSocketFactory.java:123)
org.apache.http.impl.conn.DefaultClientConnectionOperator.openConnection(DefaultClientConnectionOperator.java:180)
org.apache.http.impl.conn.ManagedClientConnectionImpl.open(ManagedClientConnectionImpl.java:326)
org.apache.http.impl.client.DefaultRequestDirector.tryConnect(DefaultRequestDirector.java:610)
org.apache.http.impl.client.DefaultRequestDirector.execute(DefaultRequestDirector.java:445)
org.apache.http.impl.client.AbstractHttpClient.doExecute(AbstractHttpClient.java:835)
org.apache.http.impl.client.CloseableHttpClient.execute(CloseableHttpClient.java:72)
org.apache.http.impl.client.CloseableHttpClient.execute(CloseableHttpClient.java:221)
org.apache.http.impl.client.CloseableHttpClient.execute(CloseableHttpClient.java:165)
org.apache.http.impl.client.CloseableHttpClient.execute(CloseableHttpClient.java:140)
com.rt.util.http.HttpUtil.post(HttpUtil.java:151)
com.yy.servermonitor.Reportor.report(Reportor.java:86)
com.yy.servermonitor.Watcher.report(Watcher.java:178)
com.yy.servermonitor.Watcher.access$0(Watcher.java:101)
com.yy.servermonitor.Watcher$1.run(Watcher.java:89)
java.util.TimerThread.mainLoop(Unknown Source)
java.util.TimerThread.run(Unknown Source)

[2018-02-07 15:53:51 星期三] Connect to www.yiyuen.com:80 timed out
org.apache.http.conn.scheme.PlainSocketFactory.connectSocket(PlainSocketFactory.java:123)
org.apache.http.impl.conn.DefaultClientConnectionOperator.openConnection(DefaultClientConnectionOperator.java:180)
org.apache.http.impl.conn.ManagedClientConnectionImpl.open(ManagedClientConnectionImpl.java:326)
org.apache.http.impl.client.DefaultRequestDirector.tryConnect(DefaultRequestDirector.java:610)
org.apache.http.impl.client.DefaultRequestDirector.execute(DefaultRequestDirector.java:445)
org.apache.http.impl.client.AbstractHttpClient.doExecute(AbstractHttpClient.java:835)
org.apache.http.impl.client.CloseableHttpClient.execute(CloseableHttpClient.java:72)
org.apache.http.impl.client.CloseableHttpClient.execute(CloseableHttpClient.java:221)
org.apache.http.impl.client.CloseableHttpClient.execute(CloseableHttpClient.java:165)
org.apache.http.impl.client.CloseableHttpClient.execute(CloseableHttpClient.java:140)
com.rt.util.http.HttpUtil.post(HttpUtil.java:151)
com.yy.servermonitor.Reportor.report(Reportor.java:86)
com.yy.servermonitor.Watcher.report(Watcher.java:178)
com.yy.servermonitor.Watcher.access$0(Watcher.java:101)
com.yy.servermonitor.Watcher$1.run(Watcher.java:89)
java.util.TimerThread.mainLoop(Unknown Source)
java.util.TimerThread.run(Unknown Source)

[2018-02-07 15:57:10 星期三] Connect to www.yiyuen.com:80 timed out
org.apache.http.conn.scheme.PlainSocketFactory.connectSocket(PlainSocketFactory.java:123)
org.apache.http.impl.conn.DefaultClientConnectionOperator.openConnection(DefaultClientConnectionOperator.java:180)
org.apache.http.impl.conn.ManagedClientConnectionImpl.open(ManagedClientConnectionImpl.java:326)
org.apache.http.impl.client.DefaultRequestDirector.tryConnect(DefaultRequestDirector.java:610)
org.apache.http.impl.client.DefaultRequestDirector.execute(DefaultRequestDirector.java:445)
org.apache.http.impl.client.AbstractHttpClient.doExecute(AbstractHttpClient.java:835)
org.apache.http.impl.client.CloseableHttpClient.execute(CloseableHttpClient.java:72)
org.apache.http.impl.client.CloseableHttpClient.execute(CloseableHttpClient.java:221)
org.apache.http.impl.client.CloseableHttpClient.execute(CloseableHttpClient.java:165)
org.apache.http.impl.client.CloseableHttpClient.execute(CloseableHttpClient.java:140)
com.rt.util.http.HttpUtil.post(HttpUtil.java:151)
com.yy.servermonitor.Reportor.report(Reportor.java:86)
com.yy.servermonitor.Watcher.report(Watcher.java:178)
com.yy.servermonitor.Watcher.access$0(Watcher.java:101)
com.yy.servermonitor.Watcher$1.run(Watcher.java:89)
java.util.TimerThread.mainLoop(Unknown Source)
java.util.TimerThread.run(Unknown Source)

[2018-02-07 16:06:47 星期三] Connect to www.yiyuen.com:80 timed out
org.apache.http.conn.scheme.PlainSocketFactory.connectSocket(PlainSocketFactory.java:123)
org.apache.http.impl.conn.DefaultClientConnectionOperator.openConnection(DefaultClientConnectionOperator.java:180)
org.apache.http.impl.conn.ManagedClientConnectionImpl.open(ManagedClientConnectionImpl.java:326)
org.apache.http.impl.client.DefaultRequestDirector.tryConnect(DefaultRequestDirector.java:610)
org.apache.http.impl.client.DefaultRequestDirector.execute(DefaultRequestDirector.java:445)
org.apache.http.impl.client.AbstractHttpClient.doExecute(AbstractHttpClient.java:835)
org.apache.http.impl.client.CloseableHttpClient.execute(CloseableHttpClient.java:72)
org.apache.http.impl.client.CloseableHttpClient.execute(CloseableHttpClient.java:221)
org.apache.http.impl.client.CloseableHttpClient.execute(CloseableHttpClient.java:165)
org.apache.http.impl.client.CloseableHttpClient.execute(CloseableHttpClient.java:140)
com.rt.util.http.HttpUtil.post(HttpUtil.java:151)
com.yy.servermonitor.Reportor.report(Reportor.java:86)
com.yy.servermonitor.Watcher.report(Watcher.java:178)
com.yy.servermonitor.Watcher.access$0(Watcher.java:101)
com.yy.servermonitor.Watcher$1.run(Watcher.java:89)
java.util.TimerThread.mainLoop(Unknown Source)
java.util.TimerThread.run(Unknown Source)

[2018-02-07 16:07:08 星期三] Connect to www.yiyuen.com:80 timed out
org.apache.http.conn.scheme.PlainSocketFactory.connectSocket(PlainSocketFactory.java:123)
org.apache.http.impl.conn.DefaultClientConnectionOperator.openConnection(DefaultClientConnectionOperator.java:180)
org.apache.http.impl.conn.ManagedClientConnectionImpl.open(ManagedClientConnectionImpl.java:326)
org.apache.http.impl.client.DefaultRequestDirector.tryConnect(DefaultRequestDirector.java:610)
org.apache.http.impl.client.DefaultRequestDirector.execute(DefaultRequestDirector.java:445)
org.apache.http.impl.client.AbstractHttpClient.doExecute(AbstractHttpClient.java:835)
org.apache.http.impl.client.CloseableHttpClient.execute(CloseableHttpClient.java:72)
org.apache.http.impl.client.CloseableHttpClient.execute(CloseableHttpClient.java:221)
org.apache.http.impl.client.CloseableHttpClient.execute(CloseableHttpClient.java:165)
org.apache.http.impl.client.CloseableHttpClient.execute(CloseableHttpClient.java:140)
com.rt.util.http.HttpUtil.post(HttpUtil.java:151)
com.yy.servermonitor.Reportor.report(Reportor.java:86)
com.yy.servermonitor.Watcher.report(Watcher.java:178)
com.yy.servermonitor.Watcher.access$0(Watcher.java:101)
com.yy.servermonitor.Watcher$1.run(Watcher.java:89)
java.util.TimerThread.mainLoop(Unknown Source)
java.util.TimerThread.run(Unknown Source)

[2018-02-07 16:08:45 星期三] Connect to www.yiyuen.com:80 timed out
org.apache.http.conn.scheme.PlainSocketFactory.connectSocket(PlainSocketFactory.java:123)
org.apache.http.impl.conn.DefaultClientConnectionOperator.openConnection(DefaultClientConnectionOperator.java:180)
org.apache.http.impl.conn.ManagedClientConnectionImpl.open(ManagedClientConnectionImpl.java:326)
org.apache.http.impl.client.DefaultRequestDirector.tryConnect(DefaultRequestDirector.java:610)
org.apache.http.impl.client.DefaultRequestDirector.execute(DefaultRequestDirector.java:445)
org.apache.http.impl.client.AbstractHttpClient.doExecute(AbstractHttpClient.java:835)
org.apache.http.impl.client.CloseableHttpClient.execute(CloseableHttpClient.java:72)
org.apache.http.impl.client.CloseableHttpClient.execute(CloseableHttpClient.java:221)
org.apache.http.impl.client.CloseableHttpClient.execute(CloseableHttpClient.java:165)
org.apache.http.impl.client.CloseableHttpClient.execute(CloseableHttpClient.java:140)
com.rt.util.http.HttpUtil.post(HttpUtil.java:151)
com.yy.servermonitor.Reportor.report(Reportor.java:86)
com.yy.servermonitor.Watcher.report(Watcher.java:178)
com.yy.servermonitor.Watcher.access$0(Watcher.java:101)
com.yy.servermonitor.Watcher$1.run(Watcher.java:89)
java.util.TimerThread.mainLoop(Unknown Source)
java.util.TimerThread.run(Unknown Source)

[2018-02-07 16:09:49 星期三] Connect to www.yiyuen.com:80 timed out
org.apache.http.conn.scheme.PlainSocketFactory.connectSocket(PlainSocketFactory.java:123)
org.apache.http.impl.conn.DefaultClientConnectionOperator.openConnection(DefaultClientConnectionOperator.java:180)
org.apache.http.impl.conn.ManagedClientConnectionImpl.open(ManagedClientConnectionImpl.java:326)
org.apache.http.impl.client.DefaultRequestDirector.tryConnect(DefaultRequestDirector.java:610)
org.apache.http.impl.client.DefaultRequestDirector.execute(DefaultRequestDirector.java:445)
org.apache.http.impl.client.AbstractHttpClient.doExecute(AbstractHttpClient.java:835)
org.apache.http.impl.client.CloseableHttpClient.execute(CloseableHttpClient.java:72)
org.apache.http.impl.client.CloseableHttpClient.execute(CloseableHttpClient.java:221)
org.apache.http.impl.client.CloseableHttpClient.execute(CloseableHttpClient.java:165)
org.apache.http.impl.client.CloseableHttpClient.execute(CloseableHttpClient.java:140)
com.rt.util.http.HttpUtil.post(HttpUtil.java:151)
com.yy.servermonitor.Reportor.report(Reportor.java:86)
com.yy.servermonitor.Watcher.report(Watcher.java:178)
com.yy.servermonitor.Watcher.access$0(Watcher.java:101)
com.yy.servermonitor.Watcher$1.run(Watcher.java:89)
java.util.TimerThread.mainLoop(Unknown Source)
java.util.TimerThread.run(Unknown Source)

[2018-02-07 16:12:20 星期三] Connect to www.yiyuen.com:80 timed out
org.apache.http.conn.scheme.PlainSocketFactory.connectSocket(PlainSocketFactory.java:123)
org.apache.http.impl.conn.DefaultClientConnectionOperator.openConnection(DefaultClientConnectionOperator.java:180)
org.apache.http.impl.conn.ManagedClientConnectionImpl.open(ManagedClientConnectionImpl.java:326)
org.apache.http.impl.client.DefaultRequestDirector.tryConnect(DefaultRequestDirector.java:610)
org.apache.http.impl.client.DefaultRequestDirector.execute(DefaultRequestDirector.java:445)
org.apache.http.impl.client.AbstractHttpClient.doExecute(AbstractHttpClient.java:835)
org.apache.http.impl.client.CloseableHttpClient.execute(CloseableHttpClient.java:72)
org.apache.http.impl.client.CloseableHttpClient.execute(CloseableHttpClient.java:221)
org.apache.http.impl.client.CloseableHttpClient.execute(CloseableHttpClient.java:165)
org.apache.http.impl.client.CloseableHttpClient.execute(CloseableHttpClient.java:140)
com.rt.util.http.HttpUtil.post(HttpUtil.java:151)
com.yy.servermonitor.Reportor.report(Reportor.java:86)
com.yy.servermonitor.Watcher.report(Watcher.java:178)
com.yy.servermonitor.Watcher.access$0(Watcher.java:101)
com.yy.servermonitor.Watcher$1.run(Watcher.java:89)
java.util.TimerThread.mainLoop(Unknown Source)
java.util.TimerThread.run(Unknown Source)

[2018-02-07 16:37:04 星期三] Connect to www.yiyuen.com:80 timed out
org.apache.http.conn.scheme.PlainSocketFactory.connectSocket(PlainSocketFactory.java:123)
org.apache.http.impl.conn.DefaultClientConnectionOperator.openConnection(DefaultClientConnectionOperator.java:180)
org.apache.http.impl.conn.ManagedClientConnectionImpl.open(ManagedClientConnectionImpl.java:326)
org.apache.http.impl.client.DefaultRequestDirector.tryConnect(DefaultRequestDirector.java:610)
org.apache.http.impl.client.DefaultRequestDirector.execute(DefaultRequestDirector.java:445)
org.apache.http.impl.client.AbstractHttpClient.doExecute(AbstractHttpClient.java:835)
org.apache.http.impl.client.CloseableHttpClient.execute(CloseableHttpClient.java:72)
org.apache.http.impl.client.CloseableHttpClient.execute(CloseableHttpClient.java:221)
org.apache.http.impl.client.CloseableHttpClient.execute(CloseableHttpClient.java:165)
org.apache.http.impl.client.CloseableHttpClient.execute(CloseableHttpClient.java:140)
com.rt.util.http.HttpUtil.post(HttpUtil.java:151)
com.yy.servermonitor.Reportor.report(Reportor.java:86)
com.yy.servermonitor.Watcher.report(Watcher.java:178)
com.yy.servermonitor.Watcher.access$0(Watcher.java:101)
com.yy.servermonitor.Watcher$1.run(Watcher.java:89)
java.util.TimerThread.mainLoop(Unknown Source)
java.util.TimerThread.run(Unknown Source)

[2018-02-07 16:37:11 星期三] Connect to www.yiyuen.com:80 timed out
org.apache.http.conn.scheme.PlainSocketFactory.connectSocket(PlainSocketFactory.java:123)
org.apache.http.impl.conn.DefaultClientConnectionOperator.openConnection(DefaultClientConnectionOperator.java:180)
org.apache.http.impl.conn.ManagedClientConnectionImpl.open(ManagedClientConnectionImpl.java:326)
org.apache.http.impl.client.DefaultRequestDirector.tryConnect(DefaultRequestDirector.java:610)
org.apache.http.impl.client.DefaultRequestDirector.execute(DefaultRequestDirector.java:445)
org.apache.http.impl.client.AbstractHttpClient.doExecute(AbstractHttpClient.java:835)
org.apache.http.impl.client.CloseableHttpClient.execute(CloseableHttpClient.java:72)
org.apache.http.impl.client.CloseableHttpClient.execute(CloseableHttpClient.java:221)
org.apache.http.impl.client.CloseableHttpClient.execute(CloseableHttpClient.java:165)
org.apache.http.impl.client.CloseableHttpClient.execute(CloseableHttpClient.java:140)
com.rt.util.http.HttpUtil.post(HttpUtil.java:151)
com.yy.servermonitor.Reportor.report(Reportor.java:86)
com.yy.servermonitor.Watcher.report(Watcher.java:178)
com.yy.servermonitor.Watcher.access$0(Watcher.java:101)
com.yy.servermonitor.Watcher$1.run(Watcher.java:89)
java.util.TimerThread.mainLoop(Unknown Source)
java.util.TimerThread.run(Unknown Source)

[2018-02-07 16:45:50 星期三] Connect to www.yiyuen.com:80 timed out
org.apache.http.conn.scheme.PlainSocketFactory.connectSocket(PlainSocketFactory.java:123)
org.apache.http.impl.conn.DefaultClientConnectionOperator.openConnection(DefaultClientConnectionOperator.java:180)
org.apache.http.impl.conn.ManagedClientConnectionImpl.open(ManagedClientConnectionImpl.java:326)
org.apache.http.impl.client.DefaultRequestDirector.tryConnect(DefaultRequestDirector.java:610)
org.apache.http.impl.client.DefaultRequestDirector.execute(DefaultRequestDirector.java:445)
org.apache.http.impl.client.AbstractHttpClient.doExecute(AbstractHttpClient.java:835)
org.apache.http.impl.client.CloseableHttpClient.execute(CloseableHttpClient.java:72)
org.apache.http.impl.client.CloseableHttpClient.execute(CloseableHttpClient.java:221)
org.apache.http.impl.client.CloseableHttpClient.execute(CloseableHttpClient.java:165)
org.apache.http.impl.client.CloseableHttpClient.execute(CloseableHttpClient.java:140)
com.rt.util.http.HttpUtil.post(HttpUtil.java:151)
com.yy.servermonitor.Reportor.report(Reportor.java:86)
com.yy.servermonitor.Watcher.report(Watcher.java:178)
com.yy.servermonitor.Watcher.access$0(Watcher.java:101)
com.yy.servermonitor.Watcher$1.run(Watcher.java:89)
java.util.TimerThread.mainLoop(Unknown Source)
java.util.TimerThread.run(Unknown Source)

[2018-02-07 16:47:18 星期三] Connect to www.yiyuen.com:80 timed out
org.apache.http.conn.scheme.PlainSocketFactory.connectSocket(PlainSocketFactory.java:123)
org.apache.http.impl.conn.DefaultClientConnectionOperator.openConnection(DefaultClientConnectionOperator.java:180)
org.apache.http.impl.conn.ManagedClientConnectionImpl.open(ManagedClientConnectionImpl.java:326)
org.apache.http.impl.client.DefaultRequestDirector.tryConnect(DefaultRequestDirector.java:610)
org.apache.http.impl.client.DefaultRequestDirector.execute(DefaultRequestDirector.java:445)
org.apache.http.impl.client.AbstractHttpClient.doExecute(AbstractHttpClient.java:835)
org.apache.http.impl.client.CloseableHttpClient.execute(CloseableHttpClient.java:72)
org.apache.http.impl.client.CloseableHttpClient.execute(CloseableHttpClient.java:221)
org.apache.http.impl.client.CloseableHttpClient.execute(CloseableHttpClient.java:165)
org.apache.http.impl.client.CloseableHttpClient.execute(CloseableHttpClient.java:140)
com.rt.util.http.HttpUtil.post(HttpUtil.java:151)
com.yy.servermonitor.Reportor.report(Reportor.java:86)
com.yy.servermonitor.Watcher.report(Watcher.java:178)
com.yy.servermonitor.Watcher.access$0(Watcher.java:101)
com.yy.servermonitor.Watcher$1.run(Watcher.java:89)
java.util.TimerThread.mainLoop(Unknown Source)
java.util.TimerThread.run(Unknown Source)

[2018-02-07 16:57:45 星期三] Connect to www.yiyuen.com:80 timed out
org.apache.http.conn.scheme.PlainSocketFactory.connectSocket(PlainSocketFactory.java:123)
org.apache.http.impl.conn.DefaultClientConnectionOperator.openConnection(DefaultClientConnectionOperator.java:180)
org.apache.http.impl.conn.ManagedClientConnectionImpl.open(ManagedClientConnectionImpl.java:326)
org.apache.http.impl.client.DefaultRequestDirector.tryConnect(DefaultRequestDirector.java:610)
org.apache.http.impl.client.DefaultRequestDirector.execute(DefaultRequestDirector.java:445)
org.apache.http.impl.client.AbstractHttpClient.doExecute(AbstractHttpClient.java:835)
org.apache.http.impl.client.CloseableHttpClient.execute(CloseableHttpClient.java:72)
org.apache.http.impl.client.CloseableHttpClient.execute(CloseableHttpClient.java:221)
org.apache.http.impl.client.CloseableHttpClient.execute(CloseableHttpClient.java:165)
org.apache.http.impl.client.CloseableHttpClient.execute(CloseableHttpClient.java:140)
com.rt.util.http.HttpUtil.post(HttpUtil.java:151)
com.yy.servermonitor.Reportor.report(Reportor.java:86)
com.yy.servermonitor.Watcher.report(Watcher.java:178)
com.yy.servermonitor.Watcher.access$0(Watcher.java:101)
com.yy.servermonitor.Watcher$1.run(Watcher.java:89)
java.util.TimerThread.mainLoop(Unknown Source)
java.util.TimerThread.run(Unknown Source)

