[2018-02-07 14:34:33 星期三] 启动成功
[2018-02-07 14:34:49 星期三] 启动成功
[2018-02-07 14:35:57 星期三] 启动成功
[2018-02-07 14:36:44 星期三] 启动成功
[2018-02-07 14:40:53 星期三] 启动成功
[2018-02-07 14:42:12 星期三] 启动成功
[2018-02-07 14:49:24 星期三] ServerMonitor 启动成功，采集周期 5秒
[2018-02-07 14:53:58 星期三] Connect to www.yiyuen.com:80 timed out
org.apache.http.conn.scheme.PlainSocketFactory.connectSocket(PlainSocketFactory.java:123)
org.apache.http.impl.conn.DefaultClientConnectionOperator.openConnection(DefaultClientConnectionOperator.java:180)
org.apache.http.impl.conn.ManagedClientConnectionImpl.open(ManagedClientConnectionImpl.java:326)
org.apache.http.impl.client.DefaultRequestDirector.tryConnect(DefaultRequestDirector.java:610)
org.apache.http.impl.client.DefaultRequestDirector.execute(DefaultRequestDirector.java:445)
org.apache.http.impl.client.AbstractHttpClient.doExecute(AbstractHttpClient.java:835)
org.apache.http.impl.client.CloseableHttpClient.execute(CloseableHttpClient.java:72)
org.apache.http.impl.client.CloseableHttpClient.execute(CloseableHttpClient.java:221)
org.apache.http.impl.client.CloseableHttpClient.execute(CloseableHttpClient.java:165)
org.apache.http.impl.client.CloseableHttpClient.execute(CloseableHttpClient.java:140)
com.rt.util.http.HttpUtil.post(HttpUtil.java:151)
com.yy.servermonitor.Reportor.report(Reportor.java:86)
com.yy.servermonitor.Watcher.report(Watcher.java:178)
com.yy.servermonitor.Watcher.access$0(Watcher.java:101)
com.yy.servermonitor.Watcher$1.run(Watcher.java:89)
java.util.TimerThread.mainLoop(Unknown Source)
java.util.TimerThread.run(Unknown Source)

[2018-02-07 15:17:18 星期三] ServerMonitor 启动成功，采集周期 3秒
[2018-02-07 15:23:07 星期三] Connect to www.yiyuen.com:80 timed out
org.apache.http.conn.scheme.PlainSocketFactory.connectSocket(PlainSocketFactory.java:123)
org.apache.http.impl.conn.DefaultClientConnectionOperator.openConnection(DefaultClientConnectionOperator.java:180)
org.apache.http.impl.conn.ManagedClientConnectionImpl.open(ManagedClientConnectionImpl.java:326)
org.apache.http.impl.client.DefaultRequestDirector.tryConnect(DefaultRequestDirector.java:610)
org.apache.http.impl.client.DefaultRequestDirector.execute(DefaultRequestDirector.java:445)
org.apache.http.impl.client.AbstractHttpClient.doExecute(AbstractHttpClient.java:835)
org.apache.http.impl.client.CloseableHttpClient.execute(CloseableHttpClient.java:72)
org.apache.http.impl.client.CloseableHttpClient.execute(CloseableHttpClient.java:221)
org.apache.http.impl.client.CloseableHttpClient.execute(CloseableHttpClient.java:165)
org.apache.http.impl.client.CloseableHttpClient.execute(CloseableHttpClient.java:140)
com.rt.util.http.HttpUtil.post(HttpUtil.java:151)
com.yy.servermonitor.Reportor.report(Reportor.java:86)
com.yy.servermonitor.Watcher.report(Watcher.java:178)
com.yy.servermonitor.Watcher.access$0(Watcher.java:101)
com.yy.servermonitor.Watcher$1.run(Watcher.java:89)
java.util.TimerThread.mainLoop(Unknown Source)
java.util.TimerThread.run(Unknown Source)

[2018-02-07 15:31:45 星期三] Connect to www.yiyuen.com:80 timed out
org.apache.http.conn.scheme.PlainSocketFactory.connectSocket(PlainSocketFactory.java:123)
org.apache.http.impl.conn.DefaultClientConnectionOperator.openConnection(DefaultClientConnectionOperator.java:180)
org.apache.http.impl.conn.ManagedClientConnectionImpl.open(ManagedClientConnectionImpl.java:326)
org.apache.http.impl.client.DefaultRequestDirector.tryConnect(DefaultRequestDirector.java:610)
org.apache.http.impl.client.DefaultRequestDirector.execute(DefaultRequestDirector.java:445)
org.apache.http.impl.client.AbstractHttpClient.doExecute(AbstractHttpClient.java:835)
org.apache.http.impl.client.CloseableHttpClient.execute(CloseableHttpClient.java:72)
org.apache.http.impl.client.CloseableHttpClient.execute(CloseableHttpClient.java:221)
org.apache.http.impl.client.CloseableHttpClient.execute(CloseableHttpClient.java:165)
org.apache.http.impl.client.CloseableHttpClient.execute(CloseableHttpClient.java:140)
com.rt.util.http.HttpUtil.post(HttpUtil.java:151)
com.yy.servermonitor.Reportor.report(Reportor.java:86)
com.yy.servermonitor.Watcher.report(Watcher.java:178)
com.yy.servermonitor.Watcher.access$0(Watcher.java:101)
com.yy.servermonitor.Watcher$1.run(Watcher.java:89)
java.util.TimerThread.mainLoop(Unknown Source)
java.util.TimerThread.run(Unknown Source)

[2018-02-07 15:49:18 星期三] Connect to www.yiyuen.com:80 timed out
org.apache.http.conn.scheme.PlainSocketFactory.connectSocket(PlainSocketFactory.java:123)
org.apache.http.impl.conn.DefaultClientConnectionOperator.openConnection(DefaultClientConnectionOperator.java:180)
org.apache.http.impl.conn.ManagedClientConnectionImpl.open(ManagedClientConnectionImpl.java:326)
org.apache.http.impl.client.DefaultRequestDirector.tryConnect(DefaultRequestDirector.java:610)
org.apache.http.impl.client.DefaultRequestDirector.execute(DefaultRequestDirector.java:445)
org.apache.http.impl.client.AbstractHttpClient.doExecute(AbstractHttpClient.java:835)
org.apache.http.impl.client.CloseableHttpClient.execute(CloseableHttpClient.java:72)
org.apache.http.impl.client.CloseableHttpClient.execute(CloseableHttpClient.java:221)
org.apache.http.impl.client.CloseableHttpClient.execute(CloseableHttpClient.java:165)
org.apache.http.impl.client.CloseableHttpClient.execute(CloseableHttpClient.java:140)
com.rt.util.http.HttpUtil.post(HttpUtil.java:151)
com.yy.servermonitor.Reportor.report(Reportor.java:86)
com.yy.servermonitor.Watcher.report(Watcher.java:178)
com.yy.servermonitor.Watcher.access$0(Watcher.java:101)
com.yy.servermonitor.Watcher$1.run(Watcher.java:89)
java.util.TimerThread.mainLoop(Unknown Source)
java.util.TimerThread.run(Unknown Source)

[2018-02-07 15:53:18 星期三] Connect to www.yiyuen.com:80 timed out
org.apache.http.conn.scheme.PlainSocketFactory.connectSocket(PlainSocketFactory.java:123)
org.apache.http.impl.conn.DefaultClientConnectionOperator.openConnection(DefaultClientConnectionOperator.java:180)
org.apache.http.impl.conn.ManagedClientConnectionImpl.open(ManagedClientConnectionImpl.java:326)
org.apache.http.impl.client.DefaultRequestDirector.tryConnect(DefaultRequestDirector.java:610)
org.apache.http.impl.client.DefaultRequestDirector.execute(DefaultRequestDirector.java:445)
org.apache.http.impl.client.AbstractHttpClient.doExecute(AbstractHttpClient.java:835)
org.apache.http.impl.client.CloseableHttpClient.execute(CloseableHttpClient.java:72)
org.apache.http.impl.client.CloseableHttpClient.execute(CloseableHttpClient.java:221)
org.apache.http.impl.client.CloseableHttpClient.execute(CloseableHttpClient.java:165)
org.apache.http.impl.client.CloseableHttpClient.execute(CloseableHttpClient.java:140)
com.rt.util.http.HttpUtil.post(HttpUtil.java:151)
com.yy.servermonitor.Reportor.report(Reportor.java:86)
com.yy.servermonitor.Watcher.report(Watcher.java:178)
com.yy.servermonitor.Watcher.access$0(Watcher.java:101)
com.yy.servermonitor.Watcher$1.run(Watcher.java:89)
java.util.TimerThread.mainLoop(Unknown Source)
java.util.TimerThread.run(Unknown Source)

[2018-02-07 15:53:51 星期三] Connect to www.yiyuen.com:80 timed out
org.apache.http.conn.scheme.PlainSocketFactory.connectSocket(PlainSocketFactory.java:123)
org.apache.http.impl.conn.DefaultClientConnectionOperator.openConnection(DefaultClientConnectionOperator.java:180)
org.apache.http.impl.conn.ManagedClientConnectionImpl.open(ManagedClientConnectionImpl.java:326)
org.apache.http.impl.client.DefaultRequestDirector.tryConnect(DefaultRequestDirector.java:610)
org.apache.http.impl.client.DefaultRequestDirector.execute(DefaultRequestDirector.java:445)
org.apache.http.impl.client.AbstractHttpClient.doExecute(AbstractHttpClient.java:835)
org.apache.http.impl.client.CloseableHttpClient.execute(CloseableHttpClient.java:72)
org.apache.http.impl.client.CloseableHttpClient.execute(CloseableHttpClient.java:221)
org.apache.http.impl.client.CloseableHttpClient.execute(CloseableHttpClient.java:165)
org.apache.http.impl.client.CloseableHttpClient.execute(CloseableHttpClient.java:140)
com.rt.util.http.HttpUtil.post(HttpUtil.java:151)
com.yy.servermonitor.Reportor.report(Reportor.java:86)
com.yy.servermonitor.Watcher.report(Watcher.java:178)
com.yy.servermonitor.Watcher.access$0(Watcher.java:101)
com.yy.servermonitor.Watcher$1.run(Watcher.java:89)
java.util.TimerThread.mainLoop(Unknown Source)
java.util.TimerThread.run(Unknown Source)

[2018-02-07 15:57:10 星期三] Connect to www.yiyuen.com:80 timed out
org.apache.http.conn.scheme.PlainSocketFactory.connectSocket(PlainSocketFactory.java:123)
org.apache.http.impl.conn.DefaultClientConnectionOperator.openConnection(DefaultClientConnectionOperator.java:180)
org.apache.http.impl.conn.ManagedClientConnectionImpl.open(ManagedClientConnectionImpl.java:326)
org.apache.http.impl.client.DefaultRequestDirector.tryConnect(DefaultRequestDirector.java:610)
org.apache.http.impl.client.DefaultRequestDirector.execute(DefaultRequestDirector.java:445)
org.apache.http.impl.client.AbstractHttpClient.doExecute(AbstractHttpClient.java:835)
org.apache.http.impl.client.CloseableHttpClient.execute(CloseableHttpClient.java:72)
org.apache.http.impl.client.CloseableHttpClient.execute(CloseableHttpClient.java:221)
org.apache.http.impl.client.CloseableHttpClient.execute(CloseableHttpClient.java:165)
org.apache.http.impl.client.CloseableHttpClient.execute(CloseableHttpClient.java:140)
com.rt.util.http.HttpUtil.post(HttpUtil.java:151)
com.yy.servermonitor.Reportor.report(Reportor.java:86)
com.yy.servermonitor.Watcher.report(Watcher.java:178)
com.yy.servermonitor.Watcher.access$0(Watcher.java:101)
com.yy.servermonitor.Watcher$1.run(Watcher.java:89)
java.util.TimerThread.mainLoop(Unknown Source)
java.util.TimerThread.run(Unknown Source)

[2018-02-07 16:06:47 星期三] Connect to www.yiyuen.com:80 timed out
org.apache.http.conn.scheme.PlainSocketFactory.connectSocket(PlainSocketFactory.java:123)
org.apache.http.impl.conn.DefaultClientConnectionOperator.openConnection(DefaultClientConnectionOperator.java:180)
org.apache.http.impl.conn.ManagedClientConnectionImpl.open(ManagedClientConnectionImpl.java:326)
org.apache.http.impl.client.DefaultRequestDirector.tryConnect(DefaultRequestDirector.java:610)
org.apache.http.impl.client.DefaultRequestDirector.execute(DefaultRequestDirector.java:445)
org.apache.http.impl.client.AbstractHttpClient.doExecute(AbstractHttpClient.java:835)
org.apache.http.impl.client.CloseableHttpClient.execute(CloseableHttpClient.java:72)
org.apache.http.impl.client.CloseableHttpClient.execute(CloseableHttpClient.java:221)
org.apache.http.impl.client.CloseableHttpClient.execute(CloseableHttpClient.java:165)
org.apache.http.impl.client.CloseableHttpClient.execute(CloseableHttpClient.java:140)
com.rt.util.http.HttpUtil.post(HttpUtil.java:151)
com.yy.servermonitor.Reportor.report(Reportor.java:86)
com.yy.servermonitor.Watcher.report(Watcher.java:178)
com.yy.servermonitor.Watcher.access$0(Watcher.java:101)
com.yy.servermonitor.Watcher$1.run(Watcher.java:89)
java.util.TimerThread.mainLoop(Unknown Source)
java.util.TimerThread.run(Unknown Source)

[2018-02-07 16:07:08 星期三] Connect to www.yiyuen.com:80 timed out
org.apache.http.conn.scheme.PlainSocketFactory.connectSocket(PlainSocketFactory.java:123)
org.apache.http.impl.conn.DefaultClientConnectionOperator.openConnection(DefaultClientConnectionOperator.java:180)
org.apache.http.impl.conn.ManagedClientConnectionImpl.open(ManagedClientConnectionImpl.java:326)
org.apache.http.impl.client.DefaultRequestDirector.tryConnect(DefaultRequestDirector.java:610)
org.apache.http.impl.client.DefaultRequestDirector.execute(DefaultRequestDirector.java:445)
org.apache.http.impl.client.AbstractHttpClient.doExecute(AbstractHttpClient.java:835)
org.apache.http.impl.client.CloseableHttpClient.execute(CloseableHttpClient.java:72)
org.apache.http.impl.client.CloseableHttpClient.execute(CloseableHttpClient.java:221)
org.apache.http.impl.client.CloseableHttpClient.execute(CloseableHttpClient.java:165)
org.apache.http.impl.client.CloseableHttpClient.execute(CloseableHttpClient.java:140)
com.rt.util.http.HttpUtil.post(HttpUtil.java:151)
com.yy.servermonitor.Reportor.report(Reportor.java:86)
com.yy.servermonitor.Watcher.report(Watcher.java:178)
com.yy.servermonitor.Watcher.access$0(Watcher.java:101)
com.yy.servermonitor.Watcher$1.run(Watcher.java:89)
java.util.TimerThread.mainLoop(Unknown Source)
java.util.TimerThread.run(Unknown Source)

[2018-02-07 16:08:45 星期三] Connect to www.yiyuen.com:80 timed out
org.apache.http.conn.scheme.PlainSocketFactory.connectSocket(PlainSocketFactory.java:123)
org.apache.http.impl.conn.DefaultClientConnectionOperator.openConnection(DefaultClientConnectionOperator.java:180)
org.apache.http.impl.conn.ManagedClientConnectionImpl.open(ManagedClientConnectionImpl.java:326)
org.apache.http.impl.client.DefaultRequestDirector.tryConnect(DefaultRequestDirector.java:610)
org.apache.http.impl.client.DefaultRequestDirector.execute(DefaultRequestDirector.java:445)
org.apache.http.impl.client.AbstractHttpClient.doExecute(AbstractHttpClient.java:835)
org.apache.http.impl.client.CloseableHttpClient.execute(CloseableHttpClient.java:72)
org.apache.http.impl.client.CloseableHttpClient.execute(CloseableHttpClient.java:221)
org.apache.http.impl.client.CloseableHttpClient.execute(CloseableHttpClient.java:165)
org.apache.http.impl.client.CloseableHttpClient.execute(CloseableHttpClient.java:140)
com.rt.util.http.HttpUtil.post(HttpUtil.java:151)
com.yy.servermonitor.Reportor.report(Reportor.java:86)
com.yy.servermonitor.Watcher.report(Watcher.java:178)
com.yy.servermonitor.Watcher.access$0(Watcher.java:101)
com.yy.servermonitor.Watcher$1.run(Watcher.java:89)
java.util.TimerThread.mainLoop(Unknown Source)
java.util.TimerThread.run(Unknown Source)

[2018-02-07 16:09:49 星期三] Connect to www.yiyuen.com:80 timed out
org.apache.http.conn.scheme.PlainSocketFactory.connectSocket(PlainSocketFactory.java:123)
org.apache.http.impl.conn.DefaultClientConnectionOperator.openConnection(DefaultClientConnectionOperator.java:180)
org.apache.http.impl.conn.ManagedClientConnectionImpl.open(ManagedClientConnectionImpl.java:326)
org.apache.http.impl.client.DefaultRequestDirector.tryConnect(DefaultRequestDirector.java:610)
org.apache.http.impl.client.DefaultRequestDirector.execute(DefaultRequestDirector.java:445)
org.apache.http.impl.client.AbstractHttpClient.doExecute(AbstractHttpClient.java:835)
org.apache.http.impl.client.CloseableHttpClient.execute(CloseableHttpClient.java:72)
org.apache.http.impl.client.CloseableHttpClient.execute(CloseableHttpClient.java:221)
org.apache.http.impl.client.CloseableHttpClient.execute(CloseableHttpClient.java:165)
org.apache.http.impl.client.CloseableHttpClient.execute(CloseableHttpClient.java:140)
com.rt.util.http.HttpUtil.post(HttpUtil.java:151)
com.yy.servermonitor.Reportor.report(Reportor.java:86)
com.yy.servermonitor.Watcher.report(Watcher.java:178)
com.yy.servermonitor.Watcher.access$0(Watcher.java:101)
com.yy.servermonitor.Watcher$1.run(Watcher.java:89)
java.util.TimerThread.mainLoop(Unknown Source)
java.util.TimerThread.run(Unknown Source)

[2018-02-07 16:12:20 星期三] Connect to www.yiyuen.com:80 timed out
org.apache.http.conn.scheme.PlainSocketFactory.connectSocket(PlainSocketFactory.java:123)
org.apache.http.impl.conn.DefaultClientConnectionOperator.openConnection(DefaultClientConnectionOperator.java:180)
org.apache.http.impl.conn.ManagedClientConnectionImpl.open(ManagedClientConnectionImpl.java:326)
org.apache.http.impl.client.DefaultRequestDirector.tryConnect(DefaultRequestDirector.java:610)
org.apache.http.impl.client.DefaultRequestDirector.execute(DefaultRequestDirector.java:445)
org.apache.http.impl.client.AbstractHttpClient.doExecute(AbstractHttpClient.java:835)
org.apache.http.impl.client.CloseableHttpClient.execute(CloseableHttpClient.java:72)
org.apache.http.impl.client.CloseableHttpClient.execute(CloseableHttpClient.java:221)
org.apache.http.impl.client.CloseableHttpClient.execute(CloseableHttpClient.java:165)
org.apache.http.impl.client.CloseableHttpClient.execute(CloseableHttpClient.java:140)
com.rt.util.http.HttpUtil.post(HttpUtil.java:151)
com.yy.servermonitor.Reportor.report(Reportor.java:86)
com.yy.servermonitor.Watcher.report(Watcher.java:178)
com.yy.servermonitor.Watcher.access$0(Watcher.java:101)
com.yy.servermonitor.Watcher$1.run(Watcher.java:89)
java.util.TimerThread.mainLoop(Unknown Source)
java.util.TimerThread.run(Unknown Source)

[2018-02-07 16:37:04 星期三] Connect to www.yiyuen.com:80 timed out
org.apache.http.conn.scheme.PlainSocketFactory.connectSocket(PlainSocketFactory.java:123)
org.apache.http.impl.conn.DefaultClientConnectionOperator.openConnection(DefaultClientConnectionOperator.java:180)
org.apache.http.impl.conn.ManagedClientConnectionImpl.open(ManagedClientConnectionImpl.java:326)
org.apache.http.impl.client.DefaultRequestDirector.tryConnect(DefaultRequestDirector.java:610)
org.apache.http.impl.client.DefaultRequestDirector.execute(DefaultRequestDirector.java:445)
org.apache.http.impl.client.AbstractHttpClient.doExecute(AbstractHttpClient.java:835)
org.apache.http.impl.client.CloseableHttpClient.execute(CloseableHttpClient.java:72)
org.apache.http.impl.client.CloseableHttpClient.execute(CloseableHttpClient.java:221)
org.apache.http.impl.client.CloseableHttpClient.execute(CloseableHttpClient.java:165)
org.apache.http.impl.client.CloseableHttpClient.execute(CloseableHttpClient.java:140)
com.rt.util.http.HttpUtil.post(HttpUtil.java:151)
com.yy.servermonitor.Reportor.report(Reportor.java:86)
com.yy.servermonitor.Watcher.report(Watcher.java:178)
com.yy.servermonitor.Watcher.access$0(Watcher.java:101)
com.yy.servermonitor.Watcher$1.run(Watcher.java:89)
java.util.TimerThread.mainLoop(Unknown Source)
java.util.TimerThread.run(Unknown Source)

[2018-02-07 16:37:11 星期三] Connect to www.yiyuen.com:80 timed out
org.apache.http.conn.scheme.PlainSocketFactory.connectSocket(PlainSocketFactory.java:123)
org.apache.http.impl.conn.DefaultClientConnectionOperator.openConnection(DefaultClientConnectionOperator.java:180)
org.apache.http.impl.conn.ManagedClientConnectionImpl.open(ManagedClientConnectionImpl.java:326)
org.apache.http.impl.client.DefaultRequestDirector.tryConnect(DefaultRequestDirector.java:610)
org.apache.http.impl.client.DefaultRequestDirector.execute(DefaultRequestDirector.java:445)
org.apache.http.impl.client.AbstractHttpClient.doExecute(AbstractHttpClient.java:835)
org.apache.http.impl.client.CloseableHttpClient.execute(CloseableHttpClient.java:72)
org.apache.http.impl.client.CloseableHttpClient.execute(CloseableHttpClient.java:221)
org.apache.http.impl.client.CloseableHttpClient.execute(CloseableHttpClient.java:165)
org.apache.http.impl.client.CloseableHttpClient.execute(CloseableHttpClient.java:140)
com.rt.util.http.HttpUtil.post(HttpUtil.java:151)
com.yy.servermonitor.Reportor.report(Reportor.java:86)
com.yy.servermonitor.Watcher.report(Watcher.java:178)
com.yy.servermonitor.Watcher.access$0(Watcher.java:101)
com.yy.servermonitor.Watcher$1.run(Watcher.java:89)
java.util.TimerThread.mainLoop(Unknown Source)
java.util.TimerThread.run(Unknown Source)

[2018-02-07 16:45:50 星期三] Connect to www.yiyuen.com:80 timed out
org.apache.http.conn.scheme.PlainSocketFactory.connectSocket(PlainSocketFactory.java:123)
org.apache.http.impl.conn.DefaultClientConnectionOperator.openConnection(DefaultClientConnectionOperator.java:180)
org.apache.http.impl.conn.ManagedClientConnectionImpl.open(ManagedClientConnectionImpl.java:326)
org.apache.http.impl.client.DefaultRequestDirector.tryConnect(DefaultRequestDirector.java:610)
org.apache.http.impl.client.DefaultRequestDirector.execute(DefaultRequestDirector.java:445)
org.apache.http.impl.client.AbstractHttpClient.doExecute(AbstractHttpClient.java:835)
org.apache.http.impl.client.CloseableHttpClient.execute(CloseableHttpClient.java:72)
org.apache.http.impl.client.CloseableHttpClient.execute(CloseableHttpClient.java:221)
org.apache.http.impl.client.CloseableHttpClient.execute(CloseableHttpClient.java:165)
org.apache.http.impl.client.CloseableHttpClient.execute(CloseableHttpClient.java:140)
com.rt.util.http.HttpUtil.post(HttpUtil.java:151)
com.yy.servermonitor.Reportor.report(Reportor.java:86)
com.yy.servermonitor.Watcher.report(Watcher.java:178)
com.yy.servermonitor.Watcher.access$0(Watcher.java:101)
com.yy.servermonitor.Watcher$1.run(Watcher.java:89)
java.util.TimerThread.mainLoop(Unknown Source)
java.util.TimerThread.run(Unknown Source)

[2018-02-07 16:47:18 星期三] Connect to www.yiyuen.com:80 timed out
org.apache.http.conn.scheme.PlainSocketFactory.connectSocket(PlainSocketFactory.java:123)
org.apache.http.impl.conn.DefaultClientConnectionOperator.openConnection(DefaultClientConnectionOperator.java:180)
org.apache.http.impl.conn.ManagedClientConnectionImpl.open(ManagedClientConnectionImpl.java:326)
org.apache.http.impl.client.DefaultRequestDirector.tryConnect(DefaultRequestDirector.java:610)
org.apache.http.impl.client.DefaultRequestDirector.execute(DefaultRequestDirector.java:445)
org.apache.http.impl.client.AbstractHttpClient.doExecute(AbstractHttpClient.java:835)
org.apache.http.impl.client.CloseableHttpClient.execute(CloseableHttpClient.java:72)
org.apache.http.impl.client.CloseableHttpClient.execute(CloseableHttpClient.java:221)
org.apache.http.impl.client.CloseableHttpClient.execute(CloseableHttpClient.java:165)
org.apache.http.impl.client.CloseableHttpClient.execute(CloseableHttpClient.java:140)
com.rt.util.http.HttpUtil.post(HttpUtil.java:151)
com.yy.servermonitor.Reportor.report(Reportor.java:86)
com.yy.servermonitor.Watcher.report(Watcher.java:178)
com.yy.servermonitor.Watcher.access$0(Watcher.java:101)
com.yy.servermonitor.Watcher$1.run(Watcher.java:89)
java.util.TimerThread.mainLoop(Unknown Source)
java.util.TimerThread.run(Unknown Source)

[2018-02-07 16:57:45 星期三] Connect to www.yiyuen.com:80 timed out
org.apache.http.conn.scheme.PlainSocketFactory.connectSocket(PlainSocketFactory.java:123)
org.apache.http.impl.conn.DefaultClientConnectionOperator.openConnection(DefaultClientConnectionOperator.java:180)
org.apache.http.impl.conn.ManagedClientConnectionImpl.open(ManagedClientConnectionImpl.java:326)
org.apache.http.impl.client.DefaultRequestDirector.tryConnect(DefaultRequestDirector.java:610)
org.apache.http.impl.client.DefaultRequestDirector.execute(DefaultRequestDirector.java:445)
org.apache.http.impl.client.AbstractHttpClient.doExecute(AbstractHttpClient.java:835)
org.apache.http.impl.client.CloseableHttpClient.execute(CloseableHttpClient.java:72)
org.apache.http.impl.client.CloseableHttpClient.execute(CloseableHttpClient.java:221)
org.apache.http.impl.client.CloseableHttpClient.execute(CloseableHttpClient.java:165)
org.apache.http.impl.client.CloseableHttpClient.execute(CloseableHttpClient.java:140)
com.rt.util.http.HttpUtil.post(HttpUtil.java:151)
com.yy.servermonitor.Reportor.report(Reportor.java:86)
com.yy.servermonitor.Watcher.report(Watcher.java:178)
com.yy.servermonitor.Watcher.access$0(Watcher.java:101)
com.yy.servermonitor.Watcher$1.run(Watcher.java:89)
java.util.TimerThread.mainLoop(Unknown Source)
java.util.TimerThread.run(Unknown Source)

[2018-02-07 17:26:56 星期三] ServerMonitor 启动成功，采集周期 3秒
[2018-02-07 17:27:02 星期三] [key=igPCNzpS, code=WVZka1VWRXdOVFpqUmswOVlWZGtVVkV3TlRaalJrMDlNVEF3TURBeExGbE9TMUl4WW5Scg--, data={"cpuTemperature":0.0,"disk":[{"reads":2696004,"writes":61876},{"reads":1041433,"writes":586358}],"processCount":202,"memory":{"total":7729287168,"swapUsed":101371904,"available":1034625024,"swapTotal":7516192768},"cpus":[0.19649501365117136,0.14738775108640384,0.15659500012716854,0.13476280634885834],"network":[{"packetsRecv":0,"bytesRecv":0,"packetsSent":0,"byteSend":0,"speed":10000000},{"packetsRecv":1511526,"bytesRecv":167113241,"packetsSent":1792098,"byteSend":172164963,"speed":194693632},{"packetsRecv":177673,"bytesRecv":17058960,"packetsSent":92152,"byteSend":8893588,"speed":100000},{"packetsRecv":0,"bytesRecv":0,"packetsSent":0,"byteSend":0,"speed":194693632},{"packetsRecv":71,"bytesRecv":71,"packetsSent":67,"byteSend":6856,"speed":100000000},{"packetsRecv":0,"bytesRecv":0,"packetsSent":0,"byteSend":6858,"speed":100000000}]}]上报失败，404 错误，没有可用接口
[2018-02-07 17:27:03 星期三] [key=igPCNzpS, code=WVZka1VWRXdOVFpqUmswOVlWZGtVVkV3TlRaalJrMDlNVEF3TURBeExGbE9TMUl4WW5Scg--, data={"cpuTemperature":0.0,"disk":[{"reads":2696004,"writes":61876},{"reads":1041435,"writes":586363}],"processCount":202,"memory":{"total":7729287168,"swapUsed":101371904,"available":1014497280,"swapTotal":7516192768},"cpus":[0.4579667644183773,0.33610161211529066,0.46555935515388375,0.45774303859306303],"network":[{"packetsRecv":0,"bytesRecv":0,"packetsSent":0,"byteSend":0,"speed":10000000},{"packetsRecv":1511712,"bytesRecv":167158405,"packetsSent":1792269,"byteSend":172181735,"speed":194693632},{"packetsRecv":177832,"bytesRecv":17074224,"packetsSent":92233,"byteSend":8901364,"speed":100000},{"packetsRecv":0,"bytesRecv":0,"packetsSent":0,"byteSend":0,"speed":194693632},{"packetsRecv":71,"bytesRecv":71,"packetsSent":67,"byteSend":6856,"speed":100000000},{"packetsRecv":0,"bytesRecv":0,"packetsSent":0,"byteSend":6858,"speed":100000000}]}]上报失败，404 错误，没有可用接口
[2018-02-07 17:27:06 星期三] [key=igPCNzpS, code=WVZka1VWRXdOVFpqUmswOVlWZGtVVkV3TlRaalJrMDlNVEF3TURBeExGbE9TMUl4WW5Scg--, data={"cpuTemperature":0.0,"disk":[{"reads":2696004,"writes":61882},{"reads":1041435,"writes":586434}],"processCount":202,"memory":{"total":7729287168,"swapUsed":101371904,"available":1013186560,"swapTotal":7516192768},"cpus":[0.19293568810396536,0.19266666666666668,0.15633333333333332,0.094],"network":[{"packetsRecv":0,"bytesRecv":0,"packetsSent":0,"byteSend":0,"speed":10000000},{"packetsRecv":1511856,"bytesRecv":167223261,"packetsSent":1792446,"byteSend":172210783,"speed":194693632},{"packetsRecv":177832,"bytesRecv":17074224,"packetsSent":92233,"byteSend":8901364,"speed":100000},{"packetsRecv":0,"bytesRecv":0,"packetsSent":0,"byteSend":0,"speed":194693632},{"packetsRecv":71,"bytesRecv":71,"packetsSent":67,"byteSend":6856,"speed":100000000},{"packetsRecv":0,"bytesRecv":0,"packetsSent":0,"byteSend":6858,"speed":100000000}]}]上报失败，404 错误，没有可用接口
[2018-02-07 17:27:09 星期三] [key=igPCNzpS, code=WVZka1VWRXdOVFpqUmswOVlWZGtVVkV3TlRaalJrMDlNVEF3TURBeExGbE9TMUl4WW5Scg--, data={"cpuTemperature":0.0,"disk":[{"reads":2696004,"writes":61884},{"reads":1041435,"writes":586445}],"processCount":202,"memory":{"total":7729287168,"swapUsed":101371904,"available":1014288384,"swapTotal":7516192768},"cpus":[0.3436666666666667,0.25,0.3071023674558186,0.26033333333333336],"network":[{"packetsRecv":0,"bytesRecv":0,"packetsSent":0,"byteSend":0,"speed":10000000},{"packetsRecv":1512004,"bytesRecv":167255207,"packetsSent":1792586,"byteSend":172220025,"speed":194693632},{"packetsRecv":177832,"bytesRecv":17074224,"packetsSent":92233,"byteSend":8901364,"speed":100000},{"packetsRecv":0,"bytesRecv":0,"packetsSent":0,"byteSend":0,"speed":194693632},{"packetsRecv":71,"bytesRecv":71,"packetsSent":67,"byteSend":6856,"speed":100000000},{"packetsRecv":0,"bytesRecv":0,"packetsSent":0,"byteSend":6858,"speed":100000000}]}]上报失败，404 错误，没有可用接口
[2018-02-07 17:27:12 星期三] [key=igPCNzpS, code=WVZka1VWRXdOVFpqUmswOVlWZGtVVkV3TlRaalJrMDlNVEF3TURBeExGbE9TMUl4WW5Scg--, data={"cpuTemperature":0.0,"disk":[{"reads":2696004,"writes":61889},{"reads":1041437,"writes":586452}],"processCount":202,"memory":{"total":7729287168,"swapUsed":101371904,"available":1014312960,"swapTotal":7516192768},"cpus":[0.22933333333333333,0.18733333333333332,0.20833333333333334,0.27066666666666667],"network":[{"packetsRecv":0,"bytesRecv":0,"packetsSent":0,"byteSend":0,"speed":10000000},{"packetsRecv":1512126,"bytesRecv":167332461,"packetsSent":1792689,"byteSend":172234817,"speed":194693632},{"packetsRecv":177832,"bytesRecv":17074224,"packetsSent":92233,"byteSend":8901364,"speed":100000},{"packetsRecv":0,"bytesRecv":0,"packetsSent":0,"byteSend":0,"speed":194693632},{"packetsRecv":71,"bytesRecv":71,"packetsSent":67,"byteSend":6856,"speed":100000000},{"packetsRecv":0,"bytesRecv":0,"packetsSent":0,"byteSend":6858,"speed":100000000}]}]上报失败，404 错误，没有可用接口
[2018-02-07 17:27:15 星期三] [key=igPCNzpS, code=WVZka1VWRXdOVFpqUmswOVlWZGtVVkV3TlRaalJrMDlNVEF3TURBeExGbE9TMUl4WW5Scg--, data={"cpuTemperature":0.0,"disk":[{"reads":2696004,"writes":61898},{"reads":1041439,"writes":586468}],"processCount":202,"memory":{"total":7729287168,"swapUsed":101371904,"available":1014722560,"swapTotal":7516192768},"cpus":[0.13,0.15128290569810063,0.0939686771076308,0.10966666666666666],"network":[{"packetsRecv":0,"bytesRecv":0,"packetsSent":0,"byteSend":0,"speed":10000000},{"packetsRecv":1512239,"bytesRecv":167388331,"packetsSent":1792802,"byteSend":172245427,"speed":194693632},{"packetsRecv":177832,"bytesRecv":17074224,"packetsSent":92233,"byteSend":8901364,"speed":100000},{"packetsRecv":0,"bytesRecv":0,"packetsSent":0,"byteSend":0,"speed":194693632},{"packetsRecv":71,"bytesRecv":71,"packetsSent":67,"byteSend":6856,"speed":100000000},{"packetsRecv":0,"bytesRecv":0,"packetsSent":0,"byteSend":6858,"speed":100000000}]}]上报失败，404 错误，没有可用接口
[2018-02-07 17:27:18 星期三] [key=igPCNzpS, code=WVZka1VWRXdOVFpqUmswOVlWZGtVVkV3TlRaalJrMDlNVEF3TURBeExGbE9TMUl4WW5Scg--, data={"cpuTemperature":0.0,"disk":[{"reads":2696004,"writes":61903},{"reads":1041441,"writes":586506}],"processCount":202,"memory":{"total":7729287168,"swapUsed":101371904,"available":1001689088,"swapTotal":7516192768},"cpus":[0.25,0.14571523841280426,0.17194268577140953,0.203],"network":[{"packetsRecv":0,"bytesRecv":0,"packetsSent":0,"byteSend":0,"speed":10000000},{"packetsRecv":1512331,"bytesRecv":167435627,"packetsSent":1792885,"byteSend":172259117,"speed":194693632},{"packetsRecv":177832,"bytesRecv":17074224,"packetsSent":92233,"byteSend":8901364,"speed":100000},{"packetsRecv":0,"bytesRecv":0,"packetsSent":0,"byteSend":0,"speed":194693632},{"packetsRecv":71,"bytesRecv":71,"packetsSent":67,"byteSend":6856,"speed":100000000},{"packetsRecv":0,"bytesRecv":0,"packetsSent":0,"byteSend":6858,"speed":100000000}]}]上报失败，404 错误，没有可用接口
[2018-02-07 17:27:21 星期三] [key=igPCNzpS, code=WVZka1VWRXdOVFpqUmswOVlWZGtVVkV3TlRaalJrMDlNVEF3TURBeExGbE9TMUl4WW5Scg--, data={"cpuTemperature":0.0,"disk":[{"reads":2696004,"writes":61908},{"reads":1041441,"writes":586577}],"processCount":202,"memory":{"total":7729287168,"swapUsed":101371904,"available":1001517056,"swapTotal":7516192768},"cpus":[0.448,0.3125624791736088,0.41647215738579524,0.36966666666666664],"network":[{"packetsRecv":0,"bytesRecv":0,"packetsSent":0,"byteSend":0,"speed":10000000},{"packetsRecv":1512439,"bytesRecv":167489355,"packetsSent":1792965,"byteSend":172268652,"speed":194693632},{"packetsRecv":177832,"bytesRecv":17074224,"packetsSent":92233,"byteSend":8901364,"speed":100000},{"packetsRecv":0,"bytesRecv":0,"packetsSent":0,"byteSend":0,"speed":194693632},{"packetsRecv":71,"bytesRecv":71,"packetsSent":67,"byteSend":6856,"speed":100000000},{"packetsRecv":0,"bytesRecv":0,"packetsSent":0,"byteSend":6858,"speed":100000000}]}]上报失败，404 错误，没有可用接口
[2018-02-07 17:27:24 星期三] [key=igPCNzpS, code=WVZka1VWRXdOVFpqUmswOVlWZGtVVkV3TlRaalJrMDlNVEF3TURBeExGbE9TMUl4WW5Scg--, data={"cpuTemperature":0.0,"disk":[{"reads":2696005,"writes":61910},{"reads":1041448,"writes":586588}],"processCount":202,"memory":{"total":7729287168,"swapUsed":101371904,"available":1001254912,"swapTotal":7516192768},"cpus":[0.25,0.26042014004668224,0.271,0.2813333333333333],"network":[{"packetsRecv":0,"bytesRecv":0,"packetsSent":0,"byteSend":0,"speed":10000000},{"packetsRecv":1512568,"bytesRecv":167563370,"packetsSent":1793118,"byteSend":172299427,"speed":194693632},{"packetsRecv":177832,"bytesRecv":17074224,"packetsSent":92233,"byteSend":8901364,"speed":100000},{"packetsRecv":0,"bytesRecv":0,"packetsSent":0,"byteSend":0,"speed":194693632},{"packetsRecv":71,"bytesRecv":71,"packetsSent":67,"byteSend":6856,"speed":100000000},{"packetsRecv":0,"bytesRecv":0,"packetsSent":0,"byteSend":6858,"speed":100000000}]}]上报失败，404 错误，没有可用接口
[2018-02-07 17:27:27 星期三] [key=igPCNzpS, code=WVZka1VWRXdOVFpqUmswOVlWZGtVVkV3TlRaalJrMDlNVEF3TURBeExGbE9TMUl4WW5Scg--, data={"cpuTemperature":0.0,"disk":[{"reads":2696005,"writes":61914},{"reads":1041448,"writes":586599}],"processCount":202,"memory":{"total":7729287168,"swapUsed":101371904,"available":1001340928,"swapTotal":7516192768},"cpus":[0.20306768922974325,0.11433333333333333,0.1300433477825942,0.125],"network":[{"packetsRecv":0,"bytesRecv":0,"packetsSent":0,"byteSend":0,"speed":10000000},{"packetsRecv":1512721,"bytesRecv":167632352,"packetsSent":1793261,"byteSend":172325618,"speed":194693632},{"packetsRecv":177832,"bytesRecv":17074224,"packetsSent":92233,"byteSend":8901364,"speed":100000},{"packetsRecv":0,"bytesRecv":0,"packetsSent":0,"byteSend":0,"speed":194693632},{"packetsRecv":71,"bytesRecv":71,"packetsSent":67,"byteSend":6856,"speed":100000000},{"packetsRecv":0,"bytesRecv":0,"packetsSent":0,"byteSend":6858,"speed":100000000}]}]上报失败，404 错误，没有可用接口
[2018-02-07 17:27:30 星期三] [key=igPCNzpS, code=WVZka1VWRXdOVFpqUmswOVlWZGtVVkV3TlRaalJrMDlNVEF3TURBeExGbE9TMUl4WW5Scg--, data={"cpuTemperature":0.0,"disk":[{"reads":2696006,"writes":61916},{"reads":1041448,"writes":586615}],"processCount":202,"memory":{"total":7729287168,"swapUsed":101371904,"available":1001390080,"swapTotal":7516192768},"cpus":[0.276,0.20333333333333334,0.1979340219926691,0.25],"network":[{"packetsRecv":0,"bytesRecv":0,"packetsSent":0,"byteSend":0,"speed":10000000},{"packetsRecv":1512868,"bytesRecv":167716594,"packetsSent":1793385,"byteSend":172347688,"speed":194693632},{"packetsRecv":177832,"bytesRecv":17074224,"packetsSent":92233,"byteSend":8901364,"speed":100000},{"packetsRecv":0,"bytesRecv":0,"packetsSent":0,"byteSend":0,"speed":194693632},{"packetsRecv":71,"bytesRecv":71,"packetsSent":67,"byteSend":6856,"speed":100000000},{"packetsRecv":0,"bytesRecv":0,"packetsSent":0,"byteSend":6858,"speed":100000000}]}]上报失败，404 错误，没有可用接口
[2018-02-07 17:27:33 星期三] [key=igPCNzpS, code=WVZka1VWRXdOVFpqUmswOVlWZGtVVkV3TlRaalJrMDlNVEF3TURBeExGbE9TMUl4WW5Scg--, data={"cpuTemperature":0.0,"disk":[{"reads":2696006,"writes":61926},{"reads":1041454,"writes":586633}],"processCount":203,"memory":{"total":7729287168,"swapUsed":101371904,"available":983552000,"swapTotal":7516192768},"cpus":[0.38020659780073307,0.47382460820273425,0.448,0.4686666666666667],"network":[{"packetsRecv":0,"bytesRecv":0,"packetsSent":0,"byteSend":0,"speed":10000000},{"packetsRecv":1512957,"bytesRecv":167769766,"packetsSent":1793473,"byteSend":172371942,"speed":194693632},{"packetsRecv":177832,"bytesRecv":17074224,"packetsSent":92233,"byteSend":8901364,"speed":100000},{"packetsRecv":0,"bytesRecv":0,"packetsSent":0,"byteSend":0,"speed":194693632},{"packetsRecv":71,"bytesRecv":71,"packetsSent":67,"byteSend":6856,"speed":100000000},{"packetsRecv":0,"bytesRecv":0,"packetsSent":0,"byteSend":6858,"speed":100000000}]}]上报失败，404 错误，没有可用接口
[2018-02-07 17:27:36 星期三] [key=igPCNzpS, code=WVZka1VWRXdOVFpqUmswOVlWZGtVVkV3TlRaalJrMDlNVEF3TURBeExGbE9TMUl4WW5Scg--, data={"cpuTemperature":0.0,"disk":[{"reads":2696007,"writes":61929},{"reads":1041454,"writes":586725}],"processCount":203,"memory":{"total":7729287168,"swapUsed":101371904,"available":976605184,"swapTotal":7516192768},"cpus":[0.271,0.17727424191936023,0.2032655781406198,0.224],"network":[{"packetsRecv":0,"bytesRecv":0,"packetsSent":0,"byteSend":0,"speed":10000000},{"packetsRecv":1513096,"bytesRecv":167853932,"packetsSent":1793649,"byteSend":172405693,"speed":194693632},{"packetsRecv":177832,"bytesRecv":17074224,"packetsSent":92233,"byteSend":8901364,"speed":100000},{"packetsRecv":0,"bytesRecv":0,"packetsSent":0,"byteSend":0,"speed":194693632},{"packetsRecv":71,"bytesRecv":71,"packetsSent":67,"byteSend":6856,"speed":100000000},{"packetsRecv":0,"bytesRecv":0,"packetsSent":0,"byteSend":6858,"speed":100000000}]}]上报失败，404 错误，没有可用接口
[2018-02-07 17:27:39 星期三] [key=igPCNzpS, code=WVZka1VWRXdOVFpqUmswOVlWZGtVVkV3TlRaalJrMDlNVEF3TURBeExGbE9TMUl4WW5Scg--, data={"cpuTemperature":0.0,"disk":[{"reads":2696007,"writes":61929},{"reads":1041458,"writes":586906}],"processCount":203,"memory":{"total":7729287168,"swapUsed":101371904,"available":977715200,"swapTotal":7516192768},"cpus":[0.21333333333333335,0.13033333333333333,0.16666666666666666,0.10433333333333333],"network":[{"packetsRecv":0,"bytesRecv":0,"packetsSent":0,"byteSend":0,"speed":10000000},{"packetsRecv":1513165,"bytesRecv":167885317,"packetsSent":1793713,"byteSend":172418159,"speed":194693632},{"packetsRecv":177832,"bytesRecv":17074224,"packetsSent":92233,"byteSend":8901364,"speed":100000},{"packetsRecv":0,"bytesRecv":0,"packetsSent":0,"byteSend":0,"speed":194693632},{"packetsRecv":71,"bytesRecv":71,"packetsSent":67,"byteSend":6856,"speed":100000000},{"packetsRecv":0,"bytesRecv":0,"packetsSent":0,"byteSend":6858,"speed":100000000}]}]上报失败，404 错误，没有可用接口
[2018-02-07 17:27:42 星期三] [key=igPCNzpS, code=WVZka1VWRXdOVFpqUmswOVlWZGtVVkV3TlRaalJrMDlNVEF3TURBeExGbE9TMUl4WW5Scg--, data={"cpuTemperature":0.0,"disk":[{"reads":2696007,"writes":61931},{"reads":1041458,"writes":586932}],"processCount":203,"memory":{"total":7729287168,"swapUsed":101371904,"available":973352960,"swapTotal":7516192768},"cpus":[0.30580431177446105,0.32625994694960214,0.35733244857332447,0.3522388059701492],"network":[{"packetsRecv":0,"bytesRecv":0,"packetsSent":0,"byteSend":0,"speed":10000000},{"packetsRecv":1513228,"bytesRecv":167906548,"packetsSent":1793768,"byteSend":172424590,"speed":194693632},{"packetsRecv":177832,"bytesRecv":17074224,"packetsSent":92233,"byteSend":8901364,"speed":100000},{"packetsRecv":0,"bytesRecv":0,"packetsSent":0,"byteSend":0,"speed":194693632},{"packetsRecv":71,"bytesRecv":71,"packetsSent":67,"byteSend":6856,"speed":100000000},{"packetsRecv":0,"bytesRecv":0,"packetsSent":0,"byteSend":6858,"speed":100000000}]}]上报失败，404 错误，没有可用接口
[2018-02-07 17:27:45 星期三] [key=igPCNzpS, code=WVZka1VWRXdOVFpqUmswOVlWZGtVVkV3TlRaalJrMDlNVEF3TURBeExGbE9TMUl4WW5Scg--, data={"cpuTemperature":0.0,"disk":[{"reads":2696007,"writes":61931},{"reads":1041464,"writes":587091}],"processCount":203,"memory":{"total":7729287168,"swapUsed":101371904,"available":970764288,"swapTotal":7516192768},"cpus":[0.27066666666666667,0.2550850283427809,0.276,0.23958680439853383],"network":[{"packetsRecv":0,"bytesRecv":0,"packetsSent":0,"byteSend":0,"speed":10000000},{"packetsRecv":1513312,"bytesRecv":167933590,"packetsSent":1793851,"byteSend":172433412,"speed":194693632},{"packetsRecv":177832,"bytesRecv":17074224,"packetsSent":92233,"byteSend":8901364,"speed":100000},{"packetsRecv":0,"bytesRecv":0,"packetsSent":0,"byteSend":0,"speed":194693632},{"packetsRecv":71,"bytesRecv":71,"packetsSent":67,"byteSend":6856,"speed":100000000},{"packetsRecv":0,"bytesRecv":0,"packetsSent":0,"byteSend":6858,"speed":100000000}]}]上报失败，404 错误，没有可用接口
[2018-02-07 17:27:48 星期三] [key=igPCNzpS, code=WVZka1VWRXdOVFpqUmswOVlWZGtVVkV3TlRaalJrMDlNVEF3TURBeExGbE9TMUl4WW5Scg--, data={"cpuTemperature":0.0,"disk":[{"reads":2696007,"writes":61934},{"reads":1041464,"writes":587127}],"processCount":203,"memory":{"total":7729287168,"swapUsed":101371904,"available":973107200,"swapTotal":7516192768},"cpus":[0.18833780160857908,0.17822445561139028,0.09983249581239531,0.14644772117962465],"network":[{"packetsRecv":0,"bytesRecv":0,"packetsSent":0,"byteSend":0,"speed":10000000},{"packetsRecv":1513442,"bytesRecv":168011534,"packetsSent":1793958,"byteSend":172456320,"speed":194693632},{"packetsRecv":177832,"bytesRecv":17074224,"packetsSent":92233,"byteSend":8901364,"speed":100000},{"packetsRecv":0,"bytesRecv":0,"packetsSent":0,"byteSend":0,"speed":194693632},{"packetsRecv":71,"bytesRecv":71,"packetsSent":67,"byteSend":6856,"speed":100000000},{"packetsRecv":0,"bytesRecv":0,"packetsSent":0,"byteSend":6858,"speed":100000000}]}]上报失败，404 错误，没有可用接口
[2018-02-07 17:27:51 星期三] [key=igPCNzpS, code=WVZka1VWRXdOVFpqUmswOVlWZGtVVkV3TlRaalJrMDlNVEF3TURBeExGbE9TMUl4WW5Scg--, data={"cpuTemperature":0.0,"disk":[{"reads":2696053,"writes":61934},{"reads":1041464,"writes":587216}],"processCount":203,"memory":{"total":7729287168,"swapUsed":98029568,"available":961044480,"swapTotal":7516192768},"cpus":[0.20859713428857046,0.203,0.20273424474824941,0.245],"network":[{"packetsRecv":0,"bytesRecv":0,"packetsSent":0,"byteSend":0,"speed":10000000},{"packetsRecv":1513545,"bytesRecv":168068844,"packetsSent":1794027,"byteSend":172463489,"speed":194693632},{"packetsRecv":177832,"bytesRecv":17074224,"packetsSent":92233,"byteSend":8901364,"speed":100000},{"packetsRecv":0,"bytesRecv":0,"packetsSent":0,"byteSend":0,"speed":194693632},{"packetsRecv":71,"bytesRecv":71,"packetsSent":67,"byteSend":6856,"speed":100000000},{"packetsRecv":0,"bytesRecv":0,"packetsSent":0,"byteSend":6858,"speed":100000000}]}]上报失败，404 错误，没有可用接口
[2018-02-07 17:27:54 星期三] [key=igPCNzpS, code=WVZka1VWRXdOVFpqUmswOVlWZGtVVkV3TlRaalJrMDlNVEF3TURBeExGbE9TMUl4WW5Scg--, data={"cpuTemperature":0.0,"disk":[{"reads":2696101,"writes":62058},{"reads":1041742,"writes":587245}],"processCount":204,"memory":{"total":7729287168,"swapUsed":215470080,"available":1054744576,"swapTotal":7516192768},"cpus":[0.625,0.6406666666666667,0.6304565144951683,0.6248749583194398],"network":[{"packetsRecv":0,"bytesRecv":0,"packetsSent":0,"byteSend":0,"speed":10000000},{"packetsRecv":1513612,"bytesRecv":168106881,"packetsSent":1794093,"byteSend":172474618,"speed":194693632},{"packetsRecv":177832,"bytesRecv":17074224,"packetsSent":92233,"byteSend":8901364,"speed":100000},{"packetsRecv":0,"bytesRecv":0,"packetsSent":0,"byteSend":0,"speed":194693632},{"packetsRecv":71,"bytesRecv":71,"packetsSent":67,"byteSend":6856,"speed":100000000},{"packetsRecv":0,"bytesRecv":0,"packetsSent":0,"byteSend":6858,"speed":100000000}]}]上报失败，404 错误，没有可用接口
[2018-02-07 17:27:57 星期三] [key=igPCNzpS, code=WVZka1VWRXdOVFpqUmswOVlWZGtVVkV3TlRaalJrMDlNVEF3TURBeExGbE9TMUl4WW5Scg--, data={"cpuTemperature":0.0,"disk":[{"reads":2696110,"writes":62289},{"reads":1042133,"writes":587430}],"processCount":203,"memory":{"total":7729287168,"swapUsed":459788288,"available":1288384512,"swapTotal":7516192768},"cpus":[0.5595356550580431,0.47679045092838196,0.4868988391376451,0.5285145888594165],"network":[{"packetsRecv":0,"bytesRecv":0,"packetsSent":0,"byteSend":0,"speed":10000000},{"packetsRecv":1513712,"bytesRecv":168178607,"packetsSent":1794210,"byteSend":172507627,"speed":194693632},{"packetsRecv":177832,"bytesRecv":17074224,"packetsSent":92233,"byteSend":8901364,"speed":100000},{"packetsRecv":0,"bytesRecv":0,"packetsSent":0,"byteSend":0,"speed":194693632},{"packetsRecv":71,"bytesRecv":71,"packetsSent":67,"byteSend":6856,"speed":100000000},{"packetsRecv":0,"bytesRecv":0,"packetsSent":0,"byteSend":6858,"speed":100000000}]}]上报失败，404 错误，没有可用接口
[2018-02-07 17:28:00 星期三] [key=igPCNzpS, code=WVZka1VWRXdOVFpqUmswOVlWZGtVVkV3TlRaalJrMDlNVEF3TURBeExGbE9TMUl4WW5Scg--, data={"cpuTemperature":0.0,"disk":[{"reads":2696115,"writes":62291},{"reads":1042167,"writes":587593}],"processCount":203,"memory":{"total":7729287168,"swapUsed":459788288,"available":1291591680,"swapTotal":7516192768},"cpus":[0.35433333333333333,0.229,0.28123958680439853,0.2502499166944352],"network":[{"packetsRecv":0,"bytesRecv":0,"packetsSent":0,"byteSend":0,"speed":10000000},{"packetsRecv":1513837,"bytesRecv":168224338,"packetsSent":1794302,"byteSend":172523907,"speed":194693632},{"packetsRecv":177832,"bytesRecv":17074224,"packetsSent":92233,"byteSend":8901364,"speed":100000},{"packetsRecv":0,"bytesRecv":0,"packetsSent":0,"byteSend":0,"speed":194693632},{"packetsRecv":71,"bytesRecv":71,"packetsSent":67,"byteSend":6856,"speed":100000000},{"packetsRecv":0,"bytesRecv":0,"packetsSent":0,"byteSend":6858,"speed":100000000}]}]上报失败，404 错误，没有可用接口
[2018-02-07 17:28:03 星期三] [key=igPCNzpS, code=WVZka1VWRXdOVFpqUmswOVlWZGtVVkV3TlRaalJrMDlNVEF3TURBeExGbE9TMUl4WW5Scg--, data={"cpuTemperature":0.0,"disk":[{"reads":2696132,"writes":62295},{"reads":1042179,"writes":587604}],"processCount":203,"memory":{"total":7729287168,"swapUsed":459788288,"available":1292210176,"swapTotal":7516192768},"cpus":[0.366499162479062,0.29323056300268097,0.36126005361930297,0.2878686327077748],"network":[{"packetsRecv":0,"bytesRecv":0,"packetsSent":0,"byteSend":0,"speed":10000000},{"packetsRecv":1513989,"bytesRecv":168269082,"packetsSent":1794443,"byteSend":172548055,"speed":194693632},{"packetsRecv":177832,"bytesRecv":17074224,"packetsSent":92234,"byteSend":8901506,"speed":100000},{"packetsRecv":0,"bytesRecv":0,"packetsSent":0,"byteSend":0,"speed":194693632},{"packetsRecv":71,"bytesRecv":71,"packetsSent":67,"byteSend":6856,"speed":100000000},{"packetsRecv":0,"bytesRecv":0,"packetsSent":0,"byteSend":6858,"speed":100000000}]}]上报失败，404 错误，没有可用接口
[2018-02-07 17:28:06 星期三] [key=igPCNzpS, code=WVZka1VWRXdOVFpqUmswOVlWZGtVVkV3TlRaalJrMDlNVEF3TURBeExGbE9TMUl4WW5Scg--, data={"cpuTemperature":0.0,"disk":[{"reads":2696136,"writes":62300},{"reads":1042199,"writes":587637}],"processCount":204,"memory":{"total":7729287168,"swapUsed":459788288,"available":1274179584,"swapTotal":7516192768},"cpus":[0.5053333333333333,0.427,0.552,0.5363333333333333],"network":[{"packetsRecv":0,"bytesRecv":0,"packetsSent":0,"byteSend":0,"speed":10000000},{"packetsRecv":1514132,"bytesRecv":168343325,"packetsSent":1794619,"byteSend":172610227,"speed":194693632},{"packetsRecv":177832,"bytesRecv":17074224,"packetsSent":92236,"byteSend":8901790,"speed":100000},{"packetsRecv":0,"bytesRecv":0,"packetsSent":0,"byteSend":0,"speed":194693632},{"packetsRecv":71,"bytesRecv":71,"packetsSent":67,"byteSend":6856,"speed":100000000},{"packetsRecv":0,"bytesRecv":0,"packetsSent":0,"byteSend":6858,"speed":100000000}]}]上报失败，404 错误，没有可用接口
[2018-02-07 17:28:09 星期三] [key=igPCNzpS, code=WVZka1VWRXdOVFpqUmswOVlWZGtVVkV3TlRaalJrMDlNVEF3TURBeExGbE9TMUl4WW5Scg--, data={"cpuTemperature":0.0,"disk":[{"reads":2696137,"writes":62300},{"reads":1042201,"writes":587721}],"processCount":204,"memory":{"total":7729287168,"swapUsed":459788288,"available":1275543552,"swapTotal":7516192768},"cpus":[0.22786069651741295,0.2019900497512438,0.2592838196286472,0.2693200663349917],"network":[{"packetsRecv":0,"bytesRecv":0,"packetsSent":0,"byteSend":0,"speed":10000000},{"packetsRecv":1514225,"bytesRecv":168379891,"packetsSent":1794708,"byteSend":172626785,"speed":194693632},{"packetsRecv":177832,"bytesRecv":17074224,"packetsSent":92236,"byteSend":8901790,"speed":100000},{"packetsRecv":0,"bytesRecv":0,"packetsSent":0,"byteSend":0,"speed":194693632},{"packetsRecv":71,"bytesRecv":71,"packetsSent":67,"byteSend":6856,"speed":100000000},{"packetsRecv":0,"bytesRecv":0,"packetsSent":0,"byteSend":6858,"speed":100000000}]}]上报失败，404 错误，没有可用接口
[2018-02-07 17:28:12 星期三] [key=igPCNzpS, code=WVZka1VWRXdOVFpqUmswOVlWZGtVVkV3TlRaalJrMDlNVEF3TURBeExGbE9TMUl4WW5Scg--, data={"cpuTemperature":0.0,"disk":[{"reads":2696137,"writes":62302},{"reads":1042202,"writes":587875}],"processCount":203,"memory":{"total":7729287168,"swapUsed":459788288,"available":1274261504,"swapTotal":7516192768},"cpus":[0.23433333333333334,0.13033333333333333,0.15605201733911303,0.1826057980673109],"network":[{"packetsRecv":0,"bytesRecv":0,"packetsSent":0,"byteSend":0,"speed":10000000},{"packetsRecv":1514288,"bytesRecv":168421219,"packetsSent":1794769,"byteSend":172636900,"speed":194693632},{"packetsRecv":177832,"bytesRecv":17074224,"packetsSent":92237,"byteSend":8901932,"speed":100000},{"packetsRecv":0,"bytesRecv":0,"packetsSent":0,"byteSend":0,"speed":194693632},{"packetsRecv":71,"bytesRecv":71,"packetsSent":67,"byteSend":6856,"speed":100000000},{"packetsRecv":0,"bytesRecv":0,"packetsSent":0,"byteSend":6858,"speed":100000000}]}]上报失败，404 错误，没有可用接口
[2018-02-07 17:28:15 星期三] [key=igPCNzpS, code=WVZka1VWRXdOVFpqUmswOVlWZGtVVkV3TlRaalJrMDlNVEF3TURBeExGbE9TMUl4WW5Scg--, data={"cpuTemperature":0.0,"disk":[{"reads":2696137,"writes":62302},{"reads":1042215,"writes":587913}],"processCount":203,"memory":{"total":7729287168,"swapUsed":459788288,"available":1273548800,"swapTotal":7516192768},"cpus":[0.16750418760469013,0.19390488948425988,0.19369973190348524,0.20945040214477212],"network":[{"packetsRecv":0,"bytesRecv":0,"packetsSent":0,"byteSend":0,"speed":10000000},{"packetsRecv":1514355,"bytesRecv":168456927,"packetsSent":1794836,"byteSend":172646055,"speed":194693632},{"packetsRecv":177832,"bytesRecv":17074224,"packetsSent":92237,"byteSend":8901932,"speed":100000},{"packetsRecv":0,"bytesRecv":0,"packetsSent":0,"byteSend":0,"speed":194693632},{"packetsRecv":71,"bytesRecv":71,"packetsSent":67,"byteSend":6856,"speed":100000000},{"packetsRecv":0,"bytesRecv":0,"packetsSent":0,"byteSend":6858,"speed":100000000}]}]上报失败，404 错误，没有可用接口
[2018-02-07 17:28:18 星期三] [key=igPCNzpS, code=WVZka1VWRXdOVFpqUmswOVlWZGtVVkV3TlRaalJrMDlNVEF3TURBeExGbE9TMUl4WW5Scg--, data={"cpuTemperature":0.0,"disk":[{"reads":2696137,"writes":62305},{"reads":1042221,"writes":588085}],"processCount":202,"memory":{"total":7729287168,"swapUsed":459788288,"available":1274511360,"swapTotal":7516192768},"cpus":[0.36466666666666664,0.2810936978992998,0.3752082639120293,0.36433333333333334],"network":[{"packetsRecv":0,"bytesRecv":0,"packetsSent":0,"byteSend":0,"speed":10000000},{"packetsRecv":1514486,"bytesRecv":168515872,"packetsSent":1794950,"byteSend":172681356,"speed":194693632},{"packetsRecv":177832,"bytesRecv":17074224,"packetsSent":92238,"byteSend":8902074,"speed":100000},{"packetsRecv":0,"bytesRecv":0,"packetsSent":0,"byteSend":0,"speed":194693632},{"packetsRecv":71,"bytesRecv":71,"packetsSent":67,"byteSend":6856,"speed":100000000},{"packetsRecv":0,"bytesRecv":0,"packetsSent":0,"byteSend":6858,"speed":100000000}]}]上报失败，404 错误，没有可用接口
[2018-02-07 17:28:21 星期三] [key=igPCNzpS, code=WVZka1VWRXdOVFpqUmswOVlWZGtVVkV3TlRaalJrMDlNVEF3TURBeExGbE9TMUl4WW5Scg--, data={"cpuTemperature":0.0,"disk":[{"reads":2696144,"writes":62314},{"reads":1042268,"writes":588134}],"processCount":202,"memory":{"total":7729287168,"swapUsed":459788288,"available":1276280832,"swapTotal":7516192768},"cpus":[0.33844614871623874,0.23941313771257086,0.2916666666666667,0.39579859953317775],"network":[{"packetsRecv":0,"bytesRecv":0,"packetsSent":0,"byteSend":0,"speed":10000000},{"packetsRecv":1514634,"bytesRecv":168561660,"packetsSent":1795069,"byteSend":172696388,"speed":194693632},{"packetsRecv":177832,"bytesRecv":17074224,"packetsSent":92238,"byteSend":8902074,"speed":100000},{"packetsRecv":0,"bytesRecv":0,"packetsSent":0,"byteSend":0,"speed":194693632},{"packetsRecv":71,"bytesRecv":71,"packetsSent":67,"byteSend":6856,"speed":100000000},{"packetsRecv":0,"bytesRecv":0,"packetsSent":0,"byteSend":6858,"speed":100000000}]}]上报失败，404 错误，没有可用接口
[2018-02-07 17:28:24 星期三] [key=igPCNzpS, code=WVZka1VWRXdOVFpqUmswOVlWZGtVVkV3TlRaalJrMDlNVEF3TURBeExGbE9TMUl4WW5Scg--, data={"cpuTemperature":0.0,"disk":[{"reads":2696145,"writes":62314},{"reads":1042278,"writes":588144}],"processCount":202,"memory":{"total":7729287168,"swapUsed":459788288,"available":1276186624,"swapTotal":7516192768},"cpus":[0.21359546817727423,0.21892702432522493,0.276,0.25558147284238586],"network":[{"packetsRecv":0,"bytesRecv":0,"packetsSent":0,"byteSend":0,"speed":10000000},{"packetsRecv":1514769,"bytesRecv":168647809,"packetsSent":1795222,"byteSend":172713845,"speed":194693632},{"packetsRecv":177832,"bytesRecv":17074224,"packetsSent":92238,"byteSend":8902074,"speed":100000},{"packetsRecv":0,"bytesRecv":0,"packetsSent":0,"byteSend":0,"speed":194693632},{"packetsRecv":71,"bytesRecv":71,"packetsSent":67,"byteSend":6856,"speed":100000000},{"packetsRecv":0,"bytesRecv":0,"packetsSent":0,"byteSend":6858,"speed":100000000}]}]上报失败，404 错误，没有可用接口
[2018-02-07 17:28:27 星期三] [key=igPCNzpS, code=WVZka1VWRXdOVFpqUmswOVlWZGtVVkV3TlRaalJrMDlNVEF3TURBeExGbE9TMUl4WW5Scg--, data={"cpuTemperature":0.0,"disk":[{"reads":2696146,"writes":62316},{"reads":1042278,"writes":588148}],"processCount":202,"memory":{"total":7729287168,"swapUsed":459788288,"available":1269428224,"swapTotal":7516192768},"cpus":[0.3107794361525705,0.31608623548922055,0.3107794361525705,0.34693200663349916],"network":[{"packetsRecv":0,"bytesRecv":0,"packetsSent":0,"byteSend":0,"speed":10000000},{"packetsRecv":1515074,"bytesRecv":168824185,"packetsSent":1795608,"byteSend":172802824,"speed":194693632},{"packetsRecv":177832,"bytesRecv":17074224,"packetsSent":92238,"byteSend":8902074,"speed":100000},{"packetsRecv":0,"bytesRecv":0,"packetsSent":0,"byteSend":0,"speed":194693632},{"packetsRecv":71,"bytesRecv":71,"packetsSent":67,"byteSend":6856,"speed":100000000},{"packetsRecv":0,"bytesRecv":0,"packetsSent":0,"byteSend":6858,"speed":100000000}]}]上报失败，404 错误，没有可用接口
[2018-02-07 17:28:30 星期三] [key=igPCNzpS, code=WVZka1VWRXdOVFpqUmswOVlWZGtVVkV3TlRaalJrMDlNVEF3TURBeExGbE9TMUl4WW5Scg--, data={"cpuTemperature":0.0,"disk":[{"reads":2696154,"writes":62316},{"reads":1042376,"writes":588276}],"processCount":202,"memory":{"total":7729287168,"swapUsed":459788288,"available":1254420480,"swapTotal":7516192768},"cpus":[0.698,0.5728090636454515,0.6093333333333333,0.6511162945684772],"network":[{"packetsRecv":0,"bytesRecv":0,"packetsSent":0,"byteSend":0,"speed":10000000},{"packetsRecv":1515455,"bytesRecv":169071096,"packetsSent":1796022,"byteSend":172860830,"speed":194693632},{"packetsRecv":177832,"bytesRecv":17074224,"packetsSent":92238,"byteSend":8902074,"speed":100000},{"packetsRecv":0,"bytesRecv":0,"packetsSent":0,"byteSend":0,"speed":194693632},{"packetsRecv":71,"bytesRecv":71,"packetsSent":67,"byteSend":6856,"speed":100000000},{"packetsRecv":0,"bytesRecv":0,"packetsSent":0,"byteSend":6858,"speed":100000000}]}]上报失败，404 错误，没有可用接口
[2018-02-07 17:28:33 星期三] [key=igPCNzpS, code=WVZka1VWRXdOVFpqUmswOVlWZGtVVkV3TlRaalJrMDlNVEF3TURBeExGbE9TMUl4WW5Scg--, data={"cpuTemperature":0.0,"disk":[{"reads":2696156,"writes":62319},{"reads":1042432,"writes":588489}],"processCount":201,"memory":{"total":7729287168,"swapUsed":459788288,"available":1231994880,"swapTotal":7516192768},"cpus":[0.474,0.443,0.46351216261246253,0.48433333333333334],"network":[{"packetsRecv":0,"bytesRecv":0,"packetsSent":0,"byteSend":0,"speed":10000000},{"packetsRecv":1515695,"bytesRecv":169247087,"packetsSent":1796261,"byteSend":172926114,"speed":194693632},{"packetsRecv":177832,"bytesRecv":17074224,"packetsSent":92238,"byteSend":8902074,"speed":100000},{"packetsRecv":0,"bytesRecv":0,"packetsSent":0,"byteSend":0,"speed":194693632},{"packetsRecv":71,"bytesRecv":71,"packetsSent":67,"byteSend":6856,"speed":100000000},{"packetsRecv":0,"bytesRecv":0,"packetsSent":0,"byteSend":6858,"speed":100000000}]}]上报失败，404 错误，没有可用接口
[2018-02-07 17:28:36 星期三] [key=igPCNzpS, code=WVZka1VWRXdOVFpqUmswOVlWZGtVVkV3TlRaalJrMDlNVEF3TURBeExGbE9TMUl4WW5Scg--, data={"cpuTemperature":0.0,"disk":[{"reads":2696156,"writes":62329},{"reads":1042497,"writes":588573}],"processCount":201,"memory":{"total":7729287168,"swapUsed":459788288,"available":1235099648,"swapTotal":7516192768},"cpus":[0.29690103298900367,0.22366666666666668,0.20306768922974325,0.2237412470823608],"network":[{"packetsRecv":0,"bytesRecv":0,"packetsSent":0,"byteSend":0,"speed":10000000},{"packetsRecv":1515795,"bytesRecv":169318508,"packetsSent":1796343,"byteSend":172938045,"speed":194693632},{"packetsRecv":177832,"bytesRecv":17074224,"packetsSent":92239,"byteSend":8902216,"speed":100000},{"packetsRecv":0,"bytesRecv":0,"packetsSent":0,"byteSend":0,"speed":194693632},{"packetsRecv":71,"bytesRecv":71,"packetsSent":67,"byteSend":6856,"speed":100000000},{"packetsRecv":0,"bytesRecv":0,"packetsSent":0,"byteSend":6858,"speed":100000000}]}]上报失败，404 错误，没有可用接口
[2018-02-07 17:28:39 星期三] [key=igPCNzpS, code=WVZka1VWRXdOVFpqUmswOVlWZGtVVkV3TlRaalJrMDlNVEF3TURBeExGbE9TMUl4WW5Scg--, data={"cpuTemperature":0.0,"disk":[{"reads":2696156,"writes":62329},{"reads":1042579,"writes":588616}],"processCount":201,"memory":{"total":7729287168,"swapUsed":459788288,"available":1231290368,"swapTotal":7516192768},"cpus":[0.27220918538384176,0.19906166219839141,0.19363484087102178,0.19899497487437187],"network":[{"packetsRecv":0,"bytesRecv":0,"packetsSent":0,"byteSend":0,"speed":10000000},{"packetsRecv":1515848,"bytesRecv":169340954,"packetsSent":1796391,"byteSend":172943926,"speed":194693632},{"packetsRecv":177832,"bytesRecv":17074224,"packetsSent":92239,"byteSend":8902216,"speed":100000},{"packetsRecv":0,"bytesRecv":0,"packetsSent":0,"byteSend":0,"speed":194693632},{"packetsRecv":71,"bytesRecv":71,"packetsSent":67,"byteSend":6856,"speed":100000000},{"packetsRecv":0,"bytesRecv":0,"packetsSent":0,"byteSend":6858,"speed":100000000}]}]上报失败，404 错误，没有可用接口
[2018-02-07 17:28:42 星期三] [key=igPCNzpS, code=WVZka1VWRXdOVFpqUmswOVlWZGtVVkV3TlRaalJrMDlNVEF3TURBeExGbE9TMUl4WW5Scg--, data={"cpuTemperature":0.0,"disk":[{"reads":2696156,"writes":62331},{"reads":1042579,"writes":588655}],"processCount":201,"memory":{"total":7729287168,"swapUsed":459788288,"available":1232318464,"swapTotal":7516192768},"cpus":[0.3333333333333333,0.25,0.2344114704901634,0.23966666666666667],"network":[{"packetsRecv":0,"bytesRecv":0,"packetsSent":0,"byteSend":0,"speed":10000000},{"packetsRecv":1515956,"bytesRecv":169378235,"packetsSent":1796501,"byteSend":172976539,"speed":194693632},{"packetsRecv":177832,"bytesRecv":17074224,"packetsSent":92239,"byteSend":8902216,"speed":100000},{"packetsRecv":0,"bytesRecv":0,"packetsSent":0,"byteSend":0,"speed":194693632},{"packetsRecv":71,"bytesRecv":71,"packetsSent":67,"byteSend":6856,"speed":100000000},{"packetsRecv":0,"bytesRecv":0,"packetsSent":0,"byteSend":6858,"speed":100000000}]}]上报失败，404 错误，没有可用接口
[2018-02-07 17:28:45 星期三] [key=igPCNzpS, code=WVZka1VWRXdOVFpqUmswOVlWZGtVVkV3TlRaalJrMDlNVEF3TURBeExGbE9TMUl4WW5Scg--, data={"cpuTemperature":0.0,"disk":[{"reads":2696156,"writes":62331},{"reads":1042585,"writes":588713}],"processCount":201,"memory":{"total":7729287168,"swapUsed":459788288,"available":1223049216,"swapTotal":7516192768},"cpus":[0.36433333333333334,0.27066666666666667,0.31789403532155946,0.33866666666666667],"network":[{"packetsRecv":0,"bytesRecv":0,"packetsSent":0,"byteSend":0,"speed":10000000},{"packetsRecv":1516123,"bytesRecv":169487042,"packetsSent":1796664,"byteSend":173026652,"speed":194693632},{"packetsRecv":177832,"bytesRecv":17074224,"packetsSent":92239,"byteSend":8902216,"speed":100000},{"packetsRecv":0,"bytesRecv":0,"packetsSent":0,"byteSend":0,"speed":194693632},{"packetsRecv":71,"bytesRecv":71,"packetsSent":67,"byteSend":6856,"speed":100000000},{"packetsRecv":0,"bytesRecv":0,"packetsSent":0,"byteSend":6858,"speed":100000000}]}]上报失败，404 错误，没有可用接口
[2018-02-07 17:28:48 星期三] [key=igPCNzpS, code=WVZka1VWRXdOVFpqUmswOVlWZGtVVkV3TlRaalJrMDlNVEF3TURBeExGbE9TMUl4WW5Scg--, data={"cpuTemperature":0.0,"disk":[{"reads":2696156,"writes":62334},{"reads":1042589,"writes":588732}],"processCount":201,"memory":{"total":7729287168,"swapUsed":455725056,"available":1219497984,"swapTotal":7516192768},"cpus":[0.297,0.22933333333333333,0.17166666666666666,0.156],"network":[{"packetsRecv":0,"bytesRecv":0,"packetsSent":0,"byteSend":0,"speed":10000000},{"packetsRecv":1516277,"bytesRecv":169561548,"packetsSent":1796837,"byteSend":173054230,"speed":194693632},{"packetsRecv":177832,"bytesRecv":17074224,"packetsSent":92239,"byteSend":8902216,"speed":100000},{"packetsRecv":0,"bytesRecv":0,"packetsSent":0,"byteSend":0,"speed":194693632},{"packetsRecv":71,"bytesRecv":71,"packetsSent":67,"byteSend":6856,"speed":100000000},{"packetsRecv":0,"bytesRecv":0,"packetsSent":0,"byteSend":6858,"speed":100000000}]}]上报失败，404 错误，没有可用接口
[2018-02-07 17:28:51 星期三] [key=igPCNzpS, code=WVZka1VWRXdOVFpqUmswOVlWZGtVVkV3TlRaalJrMDlNVEF3TURBeExGbE9TMUl4WW5Scg--, data={"cpuTemperature":0.0,"disk":[{"reads":2696162,"writes":62336},{"reads":1042597,"writes":588906}],"processCount":201,"memory":{"total":7729287168,"swapUsed":455725056,"available":1209212928,"swapTotal":7516192768},"cpus":[0.4583333333333333,0.4478159386462154,0.401,0.469],"network":[{"packetsRecv":0,"bytesRecv":0,"packetsSent":0,"byteSend":0,"speed":10000000},{"packetsRecv":1516340,"bytesRecv":169594759,"packetsSent":1796899,"byteSend":173062070,"speed":194693632},{"packetsRecv":177832,"bytesRecv":17074224,"packetsSent":92239,"byteSend":8902216,"speed":100000},{"packetsRecv":0,"bytesRecv":0,"packetsSent":0,"byteSend":0,"speed":194693632},{"packetsRecv":71,"bytesRecv":71,"packetsSent":67,"byteSend":6856,"speed":100000000},{"packetsRecv":0,"bytesRecv":0,"packetsSent":0,"byteSend":6858,"speed":100000000}]}]上报失败，404 错误，没有可用接口
[2018-02-07 17:28:54 星期三] [key=igPCNzpS, code=WVZka1VWRXdOVFpqUmswOVlWZGtVVkV3TlRaalJrMDlNVEF3TURBeExGbE9TMUl4WW5Scg--, data={"cpuTemperature":0.0,"disk":[{"reads":2696162,"writes":62336},{"reads":1042597,"writes":588917}],"processCount":201,"memory":{"total":7729287168,"swapUsed":455725056,"available":1205735424,"swapTotal":7516192768},"cpus":[0.2659113628790403,0.32822392535821393,0.297,0.28633333333333333],"network":[{"packetsRecv":0,"bytesRecv":0,"packetsSent":0,"byteSend":0,"speed":10000000},{"packetsRecv":1516430,"bytesRecv":169635728,"packetsSent":1797011,"byteSend":173108156,"speed":194693632},{"packetsRecv":177832,"bytesRecv":17074224,"packetsSent":92239,"byteSend":8902216,"speed":100000},{"packetsRecv":0,"bytesRecv":0,"packetsSent":0,"byteSend":0,"speed":194693632},{"packetsRecv":71,"bytesRecv":71,"packetsSent":67,"byteSend":6856,"speed":100000000},{"packetsRecv":0,"bytesRecv":0,"packetsSent":0,"byteSend":6858,"speed":100000000}]}]上报失败，404 错误，没有可用接口
[2018-02-07 17:28:57 星期三] [key=igPCNzpS, code=WVZka1VWRXdOVFpqUmswOVlWZGtVVkV3TlRaalJrMDlNVEF3TURBeExGbE9TMUl4WW5Scg--, data={"cpuTemperature":0.0,"disk":[{"reads":2696162,"writes":62339},{"reads":1042597,"writes":588949}],"processCount":201,"memory":{"total":7729287168,"swapUsed":455725056,"available":1205989376,"swapTotal":7516192768},"cpus":[0.20806935645215072,0.177,0.177,0.19266666666666668],"network":[{"packetsRecv":0,"bytesRecv":0,"packetsSent":0,"byteSend":0,"speed":10000000},{"packetsRecv":1516559,"bytesRecv":169703689,"packetsSent":1797103,"byteSend":173127107,"speed":194693632},{"packetsRecv":177832,"bytesRecv":17074224,"packetsSent":92239,"byteSend":8902216,"speed":100000},{"packetsRecv":0,"bytesRecv":0,"packetsSent":0,"byteSend":0,"speed":194693632},{"packetsRecv":71,"bytesRecv":71,"packetsSent":67,"byteSend":6856,"speed":100000000},{"packetsRecv":0,"bytesRecv":0,"packetsSent":0,"byteSend":6858,"speed":100000000}]}]上报失败，404 错误，没有可用接口
[2018-02-07 17:29:00 星期三] [key=igPCNzpS, code=WVZka1VWRXdOVFpqUmswOVlWZGtVVkV3TlRaalJrMDlNVEF3TURBeExGbE9TMUl4WW5Scg--, data={"cpuTemperature":0.0,"disk":[{"reads":2696165,"writes":62351},{"reads":1042613,"writes":588973}],"processCount":201,"memory":{"total":7729287168,"swapUsed":455725056,"available":1200984064,"swapTotal":7516192768},"cpus":[0.22811671087533156,0.19694960212201593,0.1761194029850746,0.15024875621890546],"network":[{"packetsRecv":0,"bytesRecv":0,"packetsSent":0,"byteSend":0,"speed":10000000},{"packetsRecv":1516678,"bytesRecv":169740659,"packetsSent":1797228,"byteSend":173160832,"speed":194693632},{"packetsRecv":177832,"bytesRecv":17074224,"packetsSent":92239,"byteSend":8902216,"speed":100000},{"packetsRecv":0,"bytesRecv":0,"packetsSent":0,"byteSend":0,"speed":194693632},{"packetsRecv":71,"bytesRecv":71,"packetsSent":67,"byteSend":6856,"speed":100000000},{"packetsRecv":0,"bytesRecv":0,"packetsSent":0,"byteSend":6858,"speed":100000000}]}]上报失败，404 错误，没有可用接口
[2018-02-07 17:29:03 星期三] [key=igPCNzpS, code=WVZka1VWRXdOVFpqUmswOVlWZGtVVkV3TlRaalJrMDlNVEF3TURBeExGbE9TMUl4WW5Scg--, data={"cpuTemperature":0.0,"disk":[{"reads":2696165,"writes":62351},{"reads":1042613,"writes":588988}],"processCount":201,"memory":{"total":7729287168,"swapUsed":455725056,"available":1197441024,"swapTotal":7516192768},"cpus":[0.26700167504187605,0.23558981233243967,0.2408710217755444,0.3140080428954424],"network":[{"packetsRecv":0,"bytesRecv":0,"packetsSent":0,"byteSend":0,"speed":10000000},{"packetsRecv":1516767,"bytesRecv":169777186,"packetsSent":1797287,"byteSend":173167641,"speed":194693632},{"packetsRecv":177832,"bytesRecv":17074224,"packetsSent":92239,"byteSend":8902216,"speed":100000},{"packetsRecv":0,"bytesRecv":0,"packetsSent":0,"byteSend":0,"speed":194693632},{"packetsRecv":71,"bytesRecv":71,"packetsSent":67,"byteSend":6856,"speed":100000000},{"packetsRecv":0,"bytesRecv":0,"packetsSent":0,"byteSend":6858,"speed":100000000}]}]上报失败，404 错误，没有可用接口
[2018-02-07 17:29:06 星期三] [key=igPCNzpS, code=WVZka1VWRXdOVFpqUmswOVlWZGtVVkV3TlRaalJrMDlNVEF3TURBeExGbE9TMUl4WW5Scg--, data={"cpuTemperature":0.0,"disk":[{"reads":2696166,"writes":62351},{"reads":1042613,"writes":589124}],"processCount":201,"memory":{"total":7729287168,"swapUsed":455725056,"available":1198403584,"swapTotal":7516192768},"cpus":[0.3541180393464488,0.29676558852950985,0.349,0.349],"network":[{"packetsRecv":0,"bytesRecv":0,"packetsSent":0,"byteSend":0,"speed":10000000},{"packetsRecv":1516833,"bytesRecv":169798015,"packetsSent":1797339,"byteSend":173173312,"speed":194693632},{"packetsRecv":177832,"bytesRecv":17074224,"packetsSent":92240,"byteSend":8902358,"speed":100000},{"packetsRecv":0,"bytesRecv":0,"packetsSent":0,"byteSend":0,"speed":194693632},{"packetsRecv":71,"bytesRecv":71,"packetsSent":67,"byteSend":6856,"speed":100000000},{"packetsRecv":0,"bytesRecv":0,"packetsSent":0,"byteSend":6858,"speed":100000000}]}]上报失败，404 错误，没有可用接口
[2018-02-07 17:29:09 星期三] [key=igPCNzpS, code=WVZka1VWRXdOVFpqUmswOVlWZGtVVkV3TlRaalJrMDlNVEF3TURBeExGbE9TMUl4WW5Scg--, data={"cpuTemperature":0.0,"disk":[{"reads":2696167,"writes":62351},{"reads":1042614,"writes":589129}],"processCount":201,"memory":{"total":7729287168,"swapUsed":455725056,"available":1193897984,"swapTotal":7516192768},"cpus":[0.1979340219926691,0.17194268577140953,0.26033333333333336,0.15128290569810063],"network":[{"packetsRecv":0,"bytesRecv":0,"packetsSent":0,"byteSend":0,"speed":10000000},{"packetsRecv":1516942,"bytesRecv":169850834,"packetsSent":1797428,"byteSend":173203649,"speed":194693632},{"packetsRecv":177832,"bytesRecv":17074224,"packetsSent":92240,"byteSend":8902358,"speed":100000},{"packetsRecv":0,"bytesRecv":0,"packetsSent":0,"byteSend":0,"speed":194693632},{"packetsRecv":71,"bytesRecv":71,"packetsSent":67,"byteSend":6857,"speed":100000000},{"packetsRecv":0,"bytesRecv":0,"packetsSent":0,"byteSend":6859,"speed":100000000}]}]上报失败，404 错误，没有可用接口
[2018-02-07 17:29:16 星期三] ServerMonitor 启动成功，采集周期 3秒
