[2018-04-01 19:00:46 星期日] System path：D:\Company\Yiyuen\yiyuen.com\tool\ResizeListImage-Yiyuen\versions\1.0
[2018-04-01 19:00:46 星期日] 文件夹[D:\Company\Yiyuen\yiyuen.com\Web\sourceRoot\pic]
[2018-04-01 19:00:46 星期日] 文件夹[D:\Company\Yiyuen\yiyuen.com\Web\sourceRoot\pic\qc]
[2018-04-01 19:00:46 星期日] 文件夹[D:\Company\Yiyuen\yiyuen.com\Web\sourceRoot\pic\qc\183]
[2018-04-01 19:00:46 星期日] [D:\Company\Yiyuen\yiyuen.com\Web\sourceRoot\pic\qc\183\00.jpg]
[2018-04-01 19:00:46 星期日] [D:\Company\Yiyuen\yiyuen.com\Web\sourceRoot\pic\qc\183\00l.jpg]
[2018-04-01 19:00:46 星期日] [D:\Company\Yiyuen\yiyuen.com\Web\sourceRoot\pic\qc\183\0D1637510CD52F58.jpg]
[2018-04-01 19:00:46 星期日] 重置文件[D:\Company\Yiyuen\yiyuen.com\Web\sourceRoot\pic\qc\183\0D1637510CD52F58.jpg]
[2018-04-01 19:00:46 星期日] [D:\Company\Yiyuen\yiyuen.com\Web\sourceRoot\pic\qc\183\0D1637510CD52F58l.jpg]
[2018-04-01 19:00:46 星期日] [D:\Company\Yiyuen\yiyuen.com\Web\sourceRoot\pic\qc\183\0DC61FCD8A51F5CFl.jpg]
[2018-04-01 19:00:46 星期日] [D:\Company\Yiyuen\yiyuen.com\Web\sourceRoot\pic\qc\183\114B95B33C1C1A29l.jpg]
[2018-04-01 19:00:46 星期日] [D:\Company\Yiyuen\yiyuen.com\Web\sourceRoot\pic\qc\183\115C3BE8F411238Al.jpg]
[2018-04-01 19:00:46 星期日] [D:\Company\Yiyuen\yiyuen.com\Web\sourceRoot\pic\qc\183\2A25573AD24C8DBFl.jpg]
[2018-04-01 19:00:46 星期日] [D:\Company\Yiyuen\yiyuen.com\Web\sourceRoot\pic\qc\183\2C93FCD33D0120BAl.jpg]
[2018-04-01 19:00:46 星期日] [D:\Company\Yiyuen\yiyuen.com\Web\sourceRoot\pic\qc\183\3AE69A6F06C76F6Al.jpg]
[2018-04-01 19:00:46 星期日] [D:\Company\Yiyuen\yiyuen.com\Web\sourceRoot\pic\qc\183\53CE3786B8A6A826l.jpg]
[2018-04-01 19:00:46 星期日] [D:\Company\Yiyuen\yiyuen.com\Web\sourceRoot\pic\qc\183\5B8911B2295870A3l.jpg]
[2018-04-01 19:00:46 星期日] [D:\Company\Yiyuen\yiyuen.com\Web\sourceRoot\pic\qc\183\688770794D527527l.jpg]
[2018-04-01 19:00:46 星期日] [D:\Company\Yiyuen\yiyuen.com\Web\sourceRoot\pic\qc\183\68D7DED8F976595Al.jpg]
[2018-04-01 19:00:46 星期日] [D:\Company\Yiyuen\yiyuen.com\Web\sourceRoot\pic\qc\183\942B8AD9F530BA93l.jpg]
[2018-04-01 19:00:46 星期日] [D:\Company\Yiyuen\yiyuen.com\Web\sourceRoot\pic\qc\183\AE41D1846138C33El.jpg]
[2018-04-01 19:00:46 星期日] [D:\Company\Yiyuen\yiyuen.com\Web\sourceRoot\pic\qc\183\BA15477B13486D1Dl.jpg]
[2018-04-01 19:00:46 星期日] [D:\Company\Yiyuen\yiyuen.com\Web\sourceRoot\pic\qc\183\C46C2CA03DEC990El.jpg]
[2018-04-01 19:00:46 星期日] [D:\Company\Yiyuen\yiyuen.com\Web\sourceRoot\pic\qc\183\D2A53CF8DFF0AEFCl.jpg]
[2018-04-01 19:00:46 星期日] [D:\Company\Yiyuen\yiyuen.com\Web\sourceRoot\pic\qc\183\DDD960478B4B0689l.jpg]
[2018-04-01 19:00:46 星期日] [D:\Company\Yiyuen\yiyuen.com\Web\sourceRoot\pic\qc\183\E2982A72DF11CFF3l.jpg]
[2018-04-01 19:00:46 星期日] [D:\Company\Yiyuen\yiyuen.com\Web\sourceRoot\pic\qc\183\F25C1F19AD549B84l.jpg]
[2018-04-01 19:00:46 星期日] 文件夹[D:\Company\Yiyuen\yiyuen.com\Web\sourceRoot\pic\xgmv]
[2018-04-01 19:00:46 星期日] 文件夹[D:\Company\Yiyuen\yiyuen.com\Web\sourceRoot\pic\xgmv\183]
[2018-04-01 19:00:46 星期日] [D:\Company\Yiyuen\yiyuen.com\Web\sourceRoot\pic\xgmv\183\0CD2E05B48DDE95Bl.jpg]
[2018-04-01 19:00:46 星期日] [D:\Company\Yiyuen\yiyuen.com\Web\sourceRoot\pic\xgmv\183\10DDB96F8936EF86l.jpg]
[2018-04-01 19:00:46 星期日] [D:\Company\Yiyuen\yiyuen.com\Web\sourceRoot\pic\xgmv\183\28953FC3E2403315l.jpg]
[2018-04-01 19:00:46 星期日] [D:\Company\Yiyuen\yiyuen.com\Web\sourceRoot\pic\xgmv\183\2D178E80E8FA230Bl.jpg]
[2018-04-01 19:00:46 星期日] [D:\Company\Yiyuen\yiyuen.com\Web\sourceRoot\pic\xgmv\183\48C5E4B46A6A47D5l.jpg]
[2018-04-01 19:00:46 星期日] [D:\Company\Yiyuen\yiyuen.com\Web\sourceRoot\pic\xgmv\183\717342F4572BF507l.jpg]
[2018-04-01 19:00:46 星期日] [D:\Company\Yiyuen\yiyuen.com\Web\sourceRoot\pic\xgmv\183\B4E41C7358E37EF0l.jpg]
[2018-04-01 19:00:46 星期日] [D:\Company\Yiyuen\yiyuen.com\Web\sourceRoot\pic\xgmv\183\C9C8E7E512D50868l.jpg]
[2018-04-01 19:00:46 星期日] [D:\Company\Yiyuen\yiyuen.com\Web\sourceRoot\pic\xgmv\183\CA6887E5D19DA6F8l.jpg]
[2018-04-01 19:00:46 星期日] [D:\Company\Yiyuen\yiyuen.com\Web\sourceRoot\pic\xgmv\183\CC03FD28FF21BB97l.jpg]
[2018-04-01 19:00:46 星期日] 文件夹[D:\Company\Yiyuen\yiyuen.com\Web\sourceRoot\pic\zw]
[2018-04-01 19:00:46 星期日] 文件夹[D:\Company\Yiyuen\yiyuen.com\Web\sourceRoot\pic\zw\183]
[2018-04-01 19:00:46 星期日] [D:\Company\Yiyuen\yiyuen.com\Web\sourceRoot\pic\zw\183\0D14504096BBB7D7l.png]
