[2018-12-20 09:39:54 星期四] E:\Git\yiyuen\tools\WeixinCleaner\WEB-INF\configs.properties (The system cannot find the path specified)
java.io.FileInputStream.open0(Native Method)
java.io.FileInputStream.open(FileInputStream.java:195)
java.io.FileInputStream.<init>(FileInputStream.java:138)
com.yy.util.PropertyUtil.read(PropertyUtil.java:77)
com.yy.util.PropertyUtil.read(PropertyUtil.java:46)
com.yy.util.PropertyUtil.read(PropertyUtil.java:34)
com.yy.web.config.SystemConfig.initSystemConfig(SystemConfig.java:212)
com.yy.tool.wexincleaner.Cleaner.mainInit(Cleaner.java:75)
com.yy.tool.wexincleaner.Cleaner.main(Cleaner.java:83)

[2018-12-20 09:42:00 星期四] E:\Git\yiyuen\tools\WeixinCleaner\WEB-INF\configs.properties (The system cannot find the path specified)
java.io.FileInputStream.open0(Native Method)
java.io.FileInputStream.open(FileInputStream.java:195)
java.io.FileInputStream.<init>(FileInputStream.java:138)
com.yy.util.PropertyUtil.read(PropertyUtil.java:77)
com.yy.util.PropertyUtil.read(PropertyUtil.java:46)
com.yy.util.PropertyUtil.read(PropertyUtil.java:34)
com.yy.web.config.SystemConfig.initSystemConfig(SystemConfig.java:212)
com.yy.tool.wexincleaner.Cleaner.mainInit(Cleaner.java:78)
com.yy.tool.wexincleaner.Cleaner.main(Cleaner.java:86)

[2018-12-20 09:55:15 星期四] E:\SM\tencent\MicroMsg - Copy\2840fc0be9a4cc970464b1111737ae4a\image2 (Access is denied)
java.io.FileOutputStream.open0(Native Method)
java.io.FileOutputStream.open(FileOutputStream.java:270)
java.io.FileOutputStream.<init>(FileOutputStream.java:213)
java.io.FileOutputStream.<init>(FileOutputStream.java:162)
com.yy.util.FileUtil.copy(FileUtil.java:363)
com.yy.tool.wexincleaner.Cleaner.mergeImage2(Cleaner.java:104)
com.yy.tool.wexincleaner.Cleaner.mergeImage2(Cleaner.java:99)
com.yy.tool.wexincleaner.Cleaner.mergeImage2(Cleaner.java:99)
com.yy.tool.wexincleaner.Cleaner.mergeImage2(Cleaner.java:89)
com.yy.tool.wexincleaner.Cleaner.start(Cleaner.java:25)
com.yy.tool.wexincleaner.Cleaner.main(Cleaner.java:128)

[2018-12-20 09:55:55 星期四] E:\SM\tencent\MicroMsg - Copy\2840fc0be9a4cc970464b1111737ae4a\image2 (Access is denied)
java.io.FileOutputStream.open0(Native Method)
java.io.FileOutputStream.open(FileOutputStream.java:270)
java.io.FileOutputStream.<init>(FileOutputStream.java:213)
java.io.FileOutputStream.<init>(FileOutputStream.java:162)
com.yy.util.FileUtil.copy(FileUtil.java:363)
com.yy.tool.wexincleaner.Cleaner.mergeImage2(Cleaner.java:104)
com.yy.tool.wexincleaner.Cleaner.mergeImage2(Cleaner.java:99)
com.yy.tool.wexincleaner.Cleaner.mergeImage2(Cleaner.java:99)
com.yy.tool.wexincleaner.Cleaner.mergeImage2(Cleaner.java:89)
com.yy.tool.wexincleaner.Cleaner.start(Cleaner.java:25)
com.yy.tool.wexincleaner.Cleaner.main(Cleaner.java:128)

