[2018-03-07 13:38:44 星期三] D:\Work\Git\tool\Publisher\out\0.0.0 (The system cannot find the file specified)
java.util.zip.ZipFile.open(Native Method)
java.util.zip.ZipFile.<init>(ZipFile.java:215)
java.util.zip.ZipFile.<init>(ZipFile.java:249)
com.rt.util.zip.ZipUtil.uncompress(ZipUtil.java:155)
com.rt.util.zip.ZipUtil.uncompress(ZipUtil.java:137)
com.yy.tool.publisher.action.Comparer.unzip(Comparer.java:145)
com.yy.tool.publisher.action.Comparer.todo(Comparer.java:72)
com.yy.tool.publisher.Main.start(Main.java:190)
com.yy.tool.publisher.Main.main(Main.java:222)

[2018-03-07 13:38:44 星期三] D:\Work\Git\tool\Publisher\out\0.0.1 (The system cannot find the file specified)
java.util.zip.ZipFile.open(Native Method)
java.util.zip.ZipFile.<init>(ZipFile.java:215)
java.util.zip.ZipFile.<init>(ZipFile.java:249)
com.rt.util.zip.ZipUtil.uncompress(ZipUtil.java:155)
com.rt.util.zip.ZipUtil.uncompress(ZipUtil.java:137)
com.yy.tool.publisher.action.Comparer.unzip(Comparer.java:150)
com.yy.tool.publisher.action.Comparer.todo(Comparer.java:72)
com.yy.tool.publisher.Main.start(Main.java:190)
com.yy.tool.publisher.Main.main(Main.java:222)

[2018-03-07 13:38:44 星期三] null
com.yy.tool.publisher.action.Comparer.compare(Comparer.java:175)
com.yy.tool.publisher.action.Comparer.todo(Comparer.java:75)
com.yy.tool.publisher.Main.start(Main.java:190)
com.yy.tool.publisher.Main.main(Main.java:222)

[2018-03-07 13:39:41 星期三] D:\Work\Git\tool\Publisher\out\0.0.0 (The system cannot find the file specified)
java.util.zip.ZipFile.open(Native Method)
java.util.zip.ZipFile.<init>(ZipFile.java:215)
java.util.zip.ZipFile.<init>(ZipFile.java:249)
com.rt.util.zip.ZipUtil.uncompress(ZipUtil.java:155)
com.rt.util.zip.ZipUtil.uncompress(ZipUtil.java:137)
com.yy.tool.publisher.action.Comparer.unzip(Comparer.java:146)
com.yy.tool.publisher.action.Comparer.todo(Comparer.java:72)
com.yy.tool.publisher.Main.start(Main.java:190)
com.yy.tool.publisher.Main.main(Main.java:222)

[2018-03-07 13:39:41 星期三] D:\Work\Git\tool\Publisher\out\0.0.1 (The system cannot find the file specified)
java.util.zip.ZipFile.open(Native Method)
java.util.zip.ZipFile.<init>(ZipFile.java:215)
java.util.zip.ZipFile.<init>(ZipFile.java:249)
com.rt.util.zip.ZipUtil.uncompress(ZipUtil.java:155)
com.rt.util.zip.ZipUtil.uncompress(ZipUtil.java:137)
com.yy.tool.publisher.action.Comparer.unzip(Comparer.java:151)
com.yy.tool.publisher.action.Comparer.todo(Comparer.java:72)
com.yy.tool.publisher.Main.start(Main.java:190)
com.yy.tool.publisher.Main.main(Main.java:222)

[2018-03-07 13:39:41 星期三] null
com.yy.tool.publisher.action.Comparer.compare(Comparer.java:176)
com.yy.tool.publisher.action.Comparer.todo(Comparer.java:75)
com.yy.tool.publisher.Main.start(Main.java:190)
com.yy.tool.publisher.Main.main(Main.java:222)

[2018-03-07 13:40:25 星期三] D:\Work\Git\tool\Publisher\out\0.0.0 (The system cannot find the file specified)
java.util.zip.ZipFile.open(Native Method)
java.util.zip.ZipFile.<init>(ZipFile.java:215)
java.util.zip.ZipFile.<init>(ZipFile.java:249)
com.rt.util.zip.ZipUtil.uncompress(ZipUtil.java:155)
com.rt.util.zip.ZipUtil.uncompress(ZipUtil.java:137)
com.yy.tool.publisher.action.Comparer.unzip(Comparer.java:145)
com.yy.tool.publisher.action.Comparer.todo(Comparer.java:72)
com.yy.tool.publisher.Main.start(Main.java:190)
com.yy.tool.publisher.Main.main(Main.java:222)

[2018-03-07 13:40:25 星期三] D:\Work\Git\tool\Publisher\out\0.0.1 (The system cannot find the file specified)
java.util.zip.ZipFile.open(Native Method)
java.util.zip.ZipFile.<init>(ZipFile.java:215)
java.util.zip.ZipFile.<init>(ZipFile.java:249)
com.rt.util.zip.ZipUtil.uncompress(ZipUtil.java:155)
com.rt.util.zip.ZipUtil.uncompress(ZipUtil.java:137)
com.yy.tool.publisher.action.Comparer.unzip(Comparer.java:150)
com.yy.tool.publisher.action.Comparer.todo(Comparer.java:72)
com.yy.tool.publisher.Main.start(Main.java:190)
com.yy.tool.publisher.Main.main(Main.java:222)

[2018-03-07 13:40:25 星期三] null
com.yy.tool.publisher.action.Comparer.compare(Comparer.java:175)
com.yy.tool.publisher.action.Comparer.todo(Comparer.java:75)
com.yy.tool.publisher.Main.start(Main.java:190)
com.yy.tool.publisher.Main.main(Main.java:222)

[2018-03-07 13:47:18 星期三] D:\Work\Git\tool\Publisher\out\0.0.0 (The system cannot find the file specified)
java.util.zip.ZipFile.open(Native Method)
java.util.zip.ZipFile.<init>(ZipFile.java:215)
java.util.zip.ZipFile.<init>(ZipFile.java:249)
com.rt.util.zip.ZipUtil.uncompress(ZipUtil.java:155)
com.rt.util.zip.ZipUtil.uncompress(ZipUtil.java:137)
com.yy.tool.publisher.action.Comparer.unzip(Comparer.java:145)
com.yy.tool.publisher.action.Comparer.todo(Comparer.java:72)
com.yy.tool.publisher.Main.start(Main.java:190)
com.yy.tool.publisher.Main.main(Main.java:222)

[2018-03-07 13:49:47 星期三] D:\Work\Git\tool\Publisher\out\0.0.0 (The system cannot find the file specified)
java.util.zip.ZipFile.open(Native Method)
java.util.zip.ZipFile.<init>(ZipFile.java:215)
java.util.zip.ZipFile.<init>(ZipFile.java:249)
com.rt.util.zip.ZipUtil.uncompress(ZipUtil.java:155)
com.rt.util.zip.ZipUtil.uncompress(ZipUtil.java:137)
com.yy.tool.publisher.action.Comparer.unzip(Comparer.java:155)
com.yy.tool.publisher.action.Comparer.todo(Comparer.java:72)
com.yy.tool.publisher.Main.start(Main.java:190)
com.yy.tool.publisher.Main.main(Main.java:222)

[2018-03-07 13:49:47 星期三] D:\Work\Git\tool\Publisher\out\0.0.1 (The system cannot find the file specified)
java.util.zip.ZipFile.open(Native Method)
java.util.zip.ZipFile.<init>(ZipFile.java:215)
java.util.zip.ZipFile.<init>(ZipFile.java:249)
com.rt.util.zip.ZipUtil.uncompress(ZipUtil.java:155)
com.rt.util.zip.ZipUtil.uncompress(ZipUtil.java:137)
com.yy.tool.publisher.action.Comparer.unzip(Comparer.java:160)
com.yy.tool.publisher.action.Comparer.todo(Comparer.java:72)
com.yy.tool.publisher.Main.start(Main.java:190)
com.yy.tool.publisher.Main.main(Main.java:222)

[2018-03-07 13:50:05 星期三] D:\Work\Git\tool\Publisher\out\0.0.0 (The system cannot find the file specified)
java.util.zip.ZipFile.open(Native Method)
java.util.zip.ZipFile.<init>(ZipFile.java:215)
java.util.zip.ZipFile.<init>(ZipFile.java:249)
com.rt.util.zip.ZipUtil.uncompress(ZipUtil.java:155)
com.rt.util.zip.ZipUtil.uncompress(ZipUtil.java:137)
com.yy.tool.publisher.action.Comparer.unzip(Comparer.java:155)
com.yy.tool.publisher.action.Comparer.todo(Comparer.java:72)
com.yy.tool.publisher.Main.start(Main.java:190)
com.yy.tool.publisher.Main.main(Main.java:222)

[2018-03-07 14:06:39 星期三] D:\Work\Git\tool\Publisher\temp\compare\outConfig.properties (The system cannot find the file specified)
java.io.FileInputStream.open(Native Method)
java.io.FileInputStream.<init>(FileInputStream.java:146)
com.rt.util.file.FileUtil.copy(FileUtil.java:357)
com.rt.util.file.FileUtil.copy(FileUtil.java:334)
com.yy.tool.publisher.action.Comparer.outConfig(Comparer.java:360)
com.yy.tool.publisher.action.Comparer.out(Comparer.java:301)
com.yy.tool.publisher.action.Comparer.todo(Comparer.java:78)
com.yy.tool.publisher.Main.start(Main.java:194)
com.yy.tool.publisher.Main.main(Main.java:226)

[2018-03-07 14:17:56 星期三] D:\Work\Git\tool\Publisher\temp\compare\outConfig.properties (The system cannot find the file specified)
java.io.FileInputStream.open(Native Method)
java.io.FileInputStream.<init>(FileInputStream.java:146)
com.rt.util.file.FileUtil.copy(FileUtil.java:357)
com.rt.util.file.FileUtil.copy(FileUtil.java:334)
com.yy.tool.publisher.action.Comparer.outConfig(Comparer.java:360)
com.yy.tool.publisher.action.Comparer.out(Comparer.java:301)
com.yy.tool.publisher.action.Comparer.todo(Comparer.java:78)
com.yy.tool.publisher.Main.start(Main.java:194)
com.yy.tool.publisher.Main.main(Main.java:226)

[2018-03-07 14:36:16 星期三] D:\Work\Git\tool\Publisher\temp\compare\outConfig.properties (The system cannot find the file specified)
java.io.FileInputStream.open(Native Method)
java.io.FileInputStream.<init>(FileInputStream.java:146)
com.rt.util.file.FileUtil.copy(FileUtil.java:357)
com.rt.util.file.FileUtil.copy(FileUtil.java:334)
com.yy.tool.publisher.action.Comparer.outConfig(Comparer.java:361)
com.yy.tool.publisher.action.Comparer.out(Comparer.java:301)
com.yy.tool.publisher.action.Comparer.todo(Comparer.java:78)
com.yy.tool.publisher.Main.start(Main.java:194)
com.yy.tool.publisher.Main.main(Main.java:226)

[2018-03-07 17:39:38 星期三] Connection is not open
org.apache.commons.net.ftp.FTP.sendCommand(FTP.java:514)
org.apache.commons.net.ftp.FTP.sendCommand(FTP.java:648)
org.apache.commons.net.ftp.FTP.type(FTP.java:1119)
org.apache.commons.net.ftp.FTPClient.setFileType(FTPClient.java:1559)
com.yy.tool.publisher.action.Uploader.todo(Uploader.java:60)
com.yy.tool.publisher.Main.start(Main.java:215)
com.yy.tool.publisher.Main.main(Main.java:242)

[2018-03-07 17:58:01 星期三] Connection refused: connect
java.net.DualStackPlainSocketImpl.connect0(Native Method)
java.net.DualStackPlainSocketImpl.socketConnect(DualStackPlainSocketImpl.java:79)
java.net.AbstractPlainSocketImpl.doConnect(AbstractPlainSocketImpl.java:339)
java.net.AbstractPlainSocketImpl.connectToAddress(AbstractPlainSocketImpl.java:200)
java.net.AbstractPlainSocketImpl.connect(AbstractPlainSocketImpl.java:182)
java.net.PlainSocketImpl.connect(PlainSocketImpl.java:172)
java.net.SocksSocketImpl.connect(SocksSocketImpl.java:392)
java.net.Socket.connect(Socket.java:579)
org.apache.commons.net.ftp.FTPClient._openDataConnection_(FTPClient.java:920)
org.apache.commons.net.ftp.FTPClient._openDataConnection_(FTPClient.java:785)
org.apache.commons.net.ftp.FTPClient.initiateListParsing(FTPClient.java:3409)
org.apache.commons.net.ftp.FTPClient.initiateListParsing(FTPClient.java:3339)
org.apache.commons.net.ftp.FTPClient.listFiles(FTPClient.java:3084)
com.yy.tool.publisher.action.Uploader.upload(Uploader.java:160)
com.yy.tool.publisher.action.Uploader.todo(Uploader.java:112)
com.yy.tool.publisher.Main.start(Main.java:215)
com.yy.tool.publisher.Main.main(Main.java:242)

[2018-03-07 17:58:01 星期三] null
com.yy.tool.publisher.action.Uploader.upload(Uploader.java:209)
com.yy.tool.publisher.action.Uploader.todo(Uploader.java:112)
com.yy.tool.publisher.Main.start(Main.java:215)
com.yy.tool.publisher.Main.main(Main.java:242)

[2018-03-07 17:59:31 星期三] Connection refused: connect
java.net.DualStackPlainSocketImpl.connect0(Native Method)
java.net.DualStackPlainSocketImpl.socketConnect(DualStackPlainSocketImpl.java:79)
java.net.AbstractPlainSocketImpl.doConnect(AbstractPlainSocketImpl.java:339)
java.net.AbstractPlainSocketImpl.connectToAddress(AbstractPlainSocketImpl.java:200)
java.net.AbstractPlainSocketImpl.connect(AbstractPlainSocketImpl.java:182)
java.net.PlainSocketImpl.connect(PlainSocketImpl.java:172)
java.net.SocksSocketImpl.connect(SocksSocketImpl.java:392)
java.net.Socket.connect(Socket.java:579)
org.apache.commons.net.ftp.FTPClient._openDataConnection_(FTPClient.java:920)
org.apache.commons.net.ftp.FTPClient._storeFileStream(FTPClient.java:714)
org.apache.commons.net.ftp.FTPClient.__storeFileStream(FTPClient.java:701)
org.apache.commons.net.ftp.FTPClient.appendFileStream(FTPClient.java:2128)
com.yy.tool.publisher.action.Uploader.upload(Uploader.java:178)
com.yy.tool.publisher.action.Uploader.todo(Uploader.java:112)
com.yy.tool.publisher.Main.start(Main.java:215)
com.yy.tool.publisher.Main.main(Main.java:242)

[2018-03-07 17:59:32 星期三] null
com.yy.tool.publisher.action.Uploader.upload(Uploader.java:209)
com.yy.tool.publisher.action.Uploader.todo(Uploader.java:112)
com.yy.tool.publisher.Main.start(Main.java:215)
com.yy.tool.publisher.Main.main(Main.java:242)

[2018-03-07 18:00:34 星期三] Connection refused: connect
java.net.DualStackPlainSocketImpl.connect0(Native Method)
java.net.DualStackPlainSocketImpl.socketConnect(DualStackPlainSocketImpl.java:79)
java.net.AbstractPlainSocketImpl.doConnect(AbstractPlainSocketImpl.java:339)
java.net.AbstractPlainSocketImpl.connectToAddress(AbstractPlainSocketImpl.java:200)
java.net.AbstractPlainSocketImpl.connect(AbstractPlainSocketImpl.java:182)
java.net.PlainSocketImpl.connect(PlainSocketImpl.java:172)
java.net.SocksSocketImpl.connect(SocksSocketImpl.java:392)
java.net.Socket.connect(Socket.java:579)
org.apache.commons.net.ftp.FTPClient._openDataConnection_(FTPClient.java:920)
org.apache.commons.net.ftp.FTPClient._storeFileStream(FTPClient.java:714)
org.apache.commons.net.ftp.FTPClient.__storeFileStream(FTPClient.java:701)
org.apache.commons.net.ftp.FTPClient.appendFileStream(FTPClient.java:2128)
com.yy.tool.publisher.action.Uploader.upload(Uploader.java:178)
com.yy.tool.publisher.action.Uploader.todo(Uploader.java:112)
com.yy.tool.publisher.Main.start(Main.java:215)
com.yy.tool.publisher.Main.main(Main.java:242)

