[2018-02-06 17:55:42 星期二] 启动成功，运行环境D:\Work\Git\ServerMonitor\versions\1.0\serviceInstaller\
[2018-02-06 17:55:43 星期二] Java版本验证通过，您当前的版本是1.8.0_45
[2018-02-06 17:55:43 星期二] 执行命令：net stop YY-ServerMonitor
[2018-02-06 17:55:43 星期二] The service name is invalid.
[2018-02-06 17:55:43 星期二] 
[2018-02-06 17:55:43 星期二] More help is available by typing NET HELPMSG 2185.
[2018-02-06 17:55:43 星期二] 
[2018-02-06 17:55:43 星期二] 执行命令：sc delete YY-ServerMonitor
[2018-02-06 17:55:43 星期二] [SC] OpenService FAILED 1060:
[2018-02-06 17:55:43 星期二] 
[2018-02-06 17:55:43 星期二] The specified service does not exist as an installed service.
[2018-02-06 17:55:43 星期二] 
[2018-02-06 17:55:43 星期二] 命令执行完成
[2018-02-06 17:55:43 星期二] 执行命令："D:\Work\Git\ServerMonitor\versions\1.0\serviceInstaller\JavaService-64bit.exe" -install YY-ServerMonitor "C:\Program Files\Java\jre1.8.0_45\bin\server\jvm.dll" -Xms32M -Xmx2048M -Djava.class.path="D:\Work\Git\ServerMonitor\versions\1.0\serviceInstaller\..\ServerMonitor-v1.0.jar" -start com.yy.servermonitor.Monitor -out "D:\Work\Git\ServerMonitor\versions\1.0\serviceInstaller\logs\service-out.log" -err "D:\Work\Git\ServerMonitor\versions\1.0\serviceInstaller\logs\service-error.log" -current "D:/Work/Git/ServerMonitor/versions/1.0/serviceInstaller/" -auto -description "YY Server Monitor server."
[2018-02-06 17:55:43 星期二] The YY-ServerMonitor automatic service was successfully installed
[2018-02-06 17:55:43 星期二] 执行命令：NET START YY-ServerMonitor
[2018-02-06 17:55:44 星期二] 读取配置信息错误，请检查 config.properties 配置
[2018-02-06 17:55:44 星期二] 初始化失败
[2018-02-06 17:55:45 星期二] The YY-ServerMonitor service is starting.
[2018-02-06 17:55:45 星期二] The YY-ServerMonitor service was started successfully.
[2018-02-06 17:55:45 星期二] 
[2018-02-06 17:55:45 星期二] 命令执行完成
[2018-02-06 17:56:08 星期二] 启动成功，运行环境D:\Work\Git\ServerMonitor\versions\1.0\serviceInstaller\
[2018-02-06 17:56:08 星期二] 执行命令：net stop YY-ServerMonitor
[2018-02-06 17:56:10 星期二] The YY-ServerMonitor service is stopping.
[2018-02-06 17:56:10 星期二] The YY-ServerMonitor service was stopped successfully.
[2018-02-06 17:56:10 星期二] 
[2018-02-06 17:56:10 星期二] 执行命令：sc delete YY-ServerMonitor
[2018-02-06 17:56:10 星期二] [SC] DeleteService SUCCESS
[2018-02-06 17:56:10 星期二] 命令执行完成
