[2018-01-11 11:34:26 星期四] 启动成功，运行环境D:\SVN\Tools\ServiceInstaller\versions\1.0\serviceInstaller\
[2018-01-11 11:34:26 星期四] Java版本验证通过，您当前的版本是1.8.0_45
[2018-01-11 11:34:26 星期四] 执行命令：net stop Litai-test
[2018-01-11 11:34:26 星期四] The service name is invalid.
[2018-01-11 11:34:26 星期四] 
[2018-01-11 11:34:26 星期四] More help is available by typing NET HELPMSG 2185.
[2018-01-11 11:34:26 星期四] 
[2018-01-11 11:34:26 星期四] 执行命令：sc delete Litai-test
[2018-01-11 11:34:26 星期四] [SC] OpenService FAILED 1060:
[2018-01-11 11:34:26 星期四] 
[2018-01-11 11:34:26 星期四] The specified service does not exist as an installed service.
[2018-01-11 11:34:26 星期四] 
[2018-01-11 11:34:26 星期四] 命令执行完成
[2018-01-11 11:34:26 星期四] 执行命令："D:\SVN\Tools\ServiceInstaller\versions\1.0\serviceInstaller\JavaService-64bit.exe" -install Litai-test "C:\Program Files\Java\jre1.8.0_45\bin\server\jvm.dll" -Xms32M -Xmx2048M -Djava.class.path="D:\SVN\Tools\ServiceInstaller\versions\1.0\serviceInstaller\..\test.jar" -start Main -out "D:\SVN\Tools\ServiceInstaller\versions\1.0\serviceInstaller\logs\service-out.log" -err "D:\SVN\Tools\ServiceInstaller\versions\1.0\serviceInstaller\logs\service-error.log" -current "D:/SVN/Tools/ServiceInstaller/versions/1.0/serviceInstaller/" -auto -description "Litai test server."
[2018-01-11 11:34:26 星期四] The Litai-test automatic service was successfully installed
[2018-01-11 11:34:26 星期四] 执行命令：NET START Litai-test
[2018-01-11 11:34:28 星期四] The Litai-test service is starting.
[2018-01-11 11:34:28 星期四] The Litai-test service was started successfully.
[2018-01-11 11:34:28 星期四] 
[2018-01-11 11:34:28 星期四] 命令执行完成
[2018-01-11 11:34:35 星期四] 启动成功，运行环境D:\SVN\Tools\ServiceInstaller\versions\1.0\serviceInstaller\
[2018-01-11 11:34:35 星期四] 执行命令：net stop Litai-test
[2018-01-11 11:34:38 星期四] The Litai-test service is stopping.
[2018-01-11 11:34:38 星期四] The Litai-test service was stopped successfully.
[2018-01-11 11:34:38 星期四] 
[2018-01-11 11:34:38 星期四] 执行命令：sc delete Litai-test
[2018-01-11 11:34:38 星期四] [SC] DeleteService SUCCESS
[2018-01-11 11:34:38 星期四] 命令执行完成
