[2015-09-28 23:59:32 星期一] Progress Event:100/10000
[2015-09-28 23:59:32 星期一] Progress Event:100/10000
[2015-09-28 23:59:33 星期一] Progress Event:150/10000
[2015-09-28 23:59:33 星期一] Progress Event:200/10000
[2015-09-28 23:59:34 星期一] Progress Event:250/10000
[2015-09-28 23:59:34 星期一] Progress Event:300/10000
[2015-09-28 23:59:35 星期一] Progress Event:40000/1000000
[2015-09-28 23:59:35 星期一] Progress Event:50700/1000000
[2015-09-28 23:59:35 星期一] Progress Event:61500/1000000
[2015-09-28 23:59:35 星期一] Progress Event:91700/1000000
[2015-09-28 23:59:35 星期一] Progress Event:106100/1000000
[2015-09-28 23:59:35 星期一] Progress Event:117300/1000000
[2015-09-28 23:59:35 星期一] Progress Event:129200/1000000
[2015-09-28 23:59:35 星期一] Progress Event:147000/1000000
[2015-09-28 23:59:35 星期一] Progress Event:157000/1000000
[2015-09-28 23:59:35 星期一] Progress Event:167700/1000000
[2015-09-28 23:59:35 星期一] Progress Event:189900/1000000
[2015-09-28 23:59:35 星期一] Progress Event:205500/1000000
[2015-09-28 23:59:35 星期一] Progress Event:217200/1000000
[2015-09-28 23:59:35 星期一] Progress Event:234100/1000000
[2015-09-28 23:59:35 星期一] Progress Event:245000/1000000
[2015-09-28 23:59:35 星期一] Progress Event:256100/1000000
[2015-09-28 23:59:35 星期一] Progress Event:266100/1000000
[2015-09-28 23:59:35 星期一] Progress Event:277600/1000000
[2015-09-28 23:59:35 星期一] Progress Event:365900/1000000
[2015-09-28 23:59:35 星期一] Progress Event:403400/1000000
[2015-09-28 23:59:35 星期一] Progress Event:423400/1000000
[2015-09-28 23:59:36 星期一] Progress Event:449200/1000000
[2015-09-28 23:59:36 星期一] Progress Event:459200/1000000
[2015-09-28 23:59:36 星期一] Progress Event:469400/1000000
[2015-09-28 23:59:36 星期一] Progress Event:480800/1000000
[2015-09-28 23:59:36 星期一] Progress Event:493200/1000000
[2015-09-28 23:59:36 星期一] Progress Event:503500/1000000
[2015-09-28 23:59:37 星期一] Progress Event:515100/1000000
[2015-09-28 23:59:37 星期一] Progress Event:526700/1000000
[2015-09-28 23:59:37 星期一] Progress Event:537600/1000000
[2015-09-28 23:59:37 星期一] Progress Event:547900/1000000
[2015-09-28 23:59:38 星期一] Progress Event:558200/1000000
[2015-09-28 23:59:39 星期一] Progress Event:568400/1000000
[2015-09-28 23:59:39 星期一] Progress Event:578900/1000000
[2015-09-28 23:59:39 星期一] Progress Event:608900/1000000
[2015-09-28 23:59:39 星期一] Progress Event:618900/1000000
[2015-09-28 23:59:39 星期一] Progress Event:629000/1000000
[2015-09-28 23:59:39 星期一] Progress Event:639300/1000000
[2015-09-28 23:59:39 星期一] Progress Event:649300/1000000
[2015-09-28 23:59:39 星期一] Progress Event:659600/1000000
[2015-09-28 23:59:39 星期一] Progress Event:670800/1000000
[2015-09-28 23:59:39 星期一] Progress Event:681100/1000000
[2015-09-28 23:59:39 星期一] Progress Event:691100/1000000
[2015-09-28 23:59:39 星期一] Progress Event:701400/1000000
[2015-09-28 23:59:39 星期一] Progress Event:711500/1000000
[2015-09-28 23:59:39 星期一] Progress Event:721500/1000000
[2015-09-28 23:59:39 星期一] Progress Event:1000000/1000000
[2015-09-28 23:59:39 星期一] Progress Event:741800/1000000
[2015-09-28 23:59:39 星期一] Progress Event:751900/1000000
[2015-09-28 23:59:39 星期一] Progress Event:761900/1000000
[2015-09-28 23:59:39 星期一] Progress Event:772000/1000000
[2015-09-28 23:59:39 星期一] Progress Event:782800/1000000
[2015-09-28 23:59:39 星期一] Progress Event:793200/1000000
[2015-09-28 23:59:39 星期一] Progress Event:803200/1000000
[2015-09-28 23:59:39 星期一] Progress Event:813200/1000000
[2015-09-28 23:59:39 星期一] Progress Event:860500/1000000
[2015-09-28 23:59:39 星期一] Progress Event:871000/1000000
[2015-09-28 23:59:39 星期一] Progress Event:881000/1000000
[2015-09-28 23:59:40 星期一] Progress Event:0/0
[2015-09-28 23:59:40 星期一] Progress Event:900400/0
[2015-09-28 23:59:41 星期一] Progress Event:100/10000
[2015-09-28 23:59:41 星期一] Progress Event:100/10000
[2015-09-28 23:59:41 星期一] Progress Event:10000/10000
[2015-09-28 23:59:41 星期一] Progress Event:942700/1000000
[2015-09-28 23:59:41 星期一] Progress Event:953300/1000000
[2015-09-28 23:59:41 星期一] Progress Event:965100/1000000
[2015-09-28 23:59:41 星期一] Progress Event:979200/1000000
[2015-09-28 23:59:41 星期一] Progress Event:989300/1000000
[2015-09-28 23:59:41 星期一] Progress Event:1008500/1000000
[2015-09-28 23:59:41 星期一] Progress Event:0/0
[2015-09-28 23:59:41 星期一] Progress Event:992000/0
[2015-09-28 23:59:41 星期一] Progress Event:992000/0
[2015-09-28 23:59:43 星期一] Stopping browser rendering...
[2015-09-28 23:59:43 星期一] Saving temporary images in directory :d:\localhost
[2015-09-28 23:59:43 星期一] running script:document.body.scrollWidth+'-'+document.body.scrollHeight
[2015-09-28 23:59:43 星期一] Screen sizes :1280 ,4070
[2015-09-28 23:59:44 星期一] Saving image to location :d:\qq.jpg
[2015-09-28 23:59:44 星期一] Screenshot manager stopped.Shell disposed.dispoding display...
[2015-09-28 23:59:44 星期一] waiting for browser to shutdown properly...
[2015-09-28 23:59:49 星期一] browser shotdown...
[2015-09-28 23:59:49 星期一] Device is disposed
