[2015-09-29 00:07:52 星期二] Progress Event:166600/1000000
[2015-09-29 00:07:52 星期二] Progress Event:1000000/1000000
[2015-09-29 00:07:52 星期二] Progress Event:0/0
[2015-09-29 00:08:03 星期二] Stopping browser rendering...
[2015-09-29 00:08:03 星期二] Saving temporary images in directory :d:\localhost
[2015-09-29 00:08:03 星期二] running script:document.body.scrollWidth+'-'+document.body.scrollHeight
[2015-09-29 00:08:03 星期二] Screen sizes :1280 ,4067
[2015-09-29 00:08:04 星期二] Saving image to location :d:\qq.jpg
[2015-09-29 00:08:04 星期二] Screenshot manager stopped.Shell disposed.dispoding display...
[2015-09-29 00:08:04 星期二] waiting for browser to shutdown properly...
[2015-09-29 00:08:09 星期二] browser shotdown...
[2015-09-29 00:08:09 星期二] Device is disposed
[2015-09-29 23:01:26 星期二] Progress Event:377400/1000000
[2015-09-29 23:01:26 星期二] Progress Event:522500/1000000
[2015-09-29 23:01:29 星期二] Progress Event:539100/1000000
[2015-09-29 23:01:29 星期二] Progress Event:567400/1000000
[2015-09-29 23:01:29 星期二] Progress Event:600000/1000000
[2015-09-29 23:01:29 星期二] Progress Event:638900/1000000
[2015-09-29 23:01:29 星期二] Progress Event:698300/1000000
[2015-09-29 23:01:29 星期二] Progress Event:778100/1000000
[2015-09-29 23:01:29 星期二] Progress Event:1000000/1000000
[2015-09-29 23:01:29 星期二] Progress Event:1000000/1000000
[2015-09-29 23:01:29 星期二] Progress Event:1000000/10000
[2015-09-29 23:01:29 星期二] Progress Event:1000000/10000
[2015-09-29 23:01:32 星期二] Stopping browser rendering...
[2015-09-29 23:01:32 星期二] Saving temporary images in directory :d:\localhost
[2015-09-29 23:01:32 星期二] running script:document.body.scrollWidth+'-'+document.body.scrollHeight
[2015-09-29 23:01:32 星期二] Screen sizes :1280 ,4070
[2015-09-29 23:01:32 星期二] Saving image to location :d:\qq.jpg
[2015-09-29 23:01:33 星期二] Screenshot manager stopped.Shell disposed.dispoding display...
[2015-09-29 23:01:33 星期二] waiting for browser to shutdown properly...
[2015-09-29 23:01:38 星期二] browser shotdown...
[2015-09-29 23:01:38 星期二] Device is disposed
