[2016-06-13 22:17:38 星期一] Progress Event:0/10000
[2016-06-13 22:17:38 星期一] Progress Event:50/10000
[2016-06-13 22:17:39 星期一] Progress Event:100/10000
[2016-06-13 22:17:39 星期一] Progress Event:150/10000
[2016-06-13 22:17:40 星期一] Progress Event:200/10000
[2016-06-13 22:17:40 星期一] Progress Event:250/10000
[2016-06-13 22:17:41 星期一] Progress Event:300/10000
[2016-06-13 22:17:41 星期一] Progress Event:350/10000
[2016-06-13 22:17:42 星期一] Progress Event:400/10000
[2016-06-13 22:17:42 星期一] Progress Event:450/10000
[2016-06-13 22:17:43 星期一] Progress Event:500/10000
[2016-06-13 22:17:43 星期一] Progress Event:550/10000
[2016-06-13 22:17:44 星期一] Progress Event:600/10000
[2016-06-13 22:17:44 星期一] Progress Event:650/10000
[2016-06-13 22:17:45 星期一] Progress Event:700/10000
[2016-06-13 22:17:45 星期一] Progress Event:750/10000
[2016-06-13 22:17:46 星期一] Progress Event:800/10000
[2016-06-13 22:17:46 星期一] Progress Event:850/10000
[2016-06-13 22:17:47 星期一] Progress Event:900/10000
[2016-06-13 22:17:47 星期一] Progress Event:950/10000
[2016-06-13 22:17:48 星期一] Progress Event:1000/10000
[2016-06-13 22:17:48 星期一] Progress Event:1050/10000
[2016-06-13 22:17:49 星期一] Progress Event:1100/10000
[2016-06-13 22:17:49 星期一] Progress Event:1150/10000
[2016-06-13 22:17:50 星期一] Progress Event:1200/10000
[2016-06-13 22:17:50 星期一] Progress Event:1250/10000
[2016-06-13 22:17:51 星期一] Progress Event:10000/10000
[2016-06-13 22:17:51 星期一] Progress Event:0/0
[2016-06-13 22:17:52 星期一] Progress Event:27400/1000000
[2016-06-13 22:17:52 星期一] Progress Event:1000000/1000000
[2016-06-13 22:17:53 星期一] Progress Event:0/0
[2016-06-13 22:17:54 星期一] Stopping browser rendering...
[2016-06-13 22:17:54 星期一] Saving temporary images in directory :c:\
[2016-06-13 22:17:54 星期一] running script:document.body.scrollWidth+'-'+document.body.scrollHeight
[2016-06-13 22:17:54 星期一] Screen sizes :1280 ,5587
[2016-06-13 22:17:55 星期一] Saving image to location :c:\qq.jpg
[2016-06-13 22:17:55 星期一] Screenshot manager stopped.Shell disposed.dispoding display...
[2016-06-13 22:17:55 星期一] waiting for browser to shutdown properly...
[2016-06-13 22:18:00 星期一] browser shotdown...
[2016-06-13 22:18:00 星期一] Device is disposed
[2016-06-13 22:59:14 星期一] Progress Event:0/10000
[2016-06-13 22:59:14 星期一] Progress Event:50/10000
[2016-06-13 22:59:15 星期一] Progress Event:10000/10000
[2016-06-13 22:59:15 星期一] Progress Event:10000/10000
[2016-06-13 22:59:16 星期一] Progress Event:10000/10000
[2016-06-13 22:59:16 星期一] Progress Event:0/0
[2016-06-13 22:59:16 星期一] Progress Event:0/10000
[2016-06-13 22:59:17 星期一] Progress Event:100/10000
[2016-06-13 22:59:17 星期一] Progress Event:100/10000
[2016-06-13 22:59:17 星期一] Progress Event:10000/10000
[2016-06-13 22:59:17 星期一] Progress Event:0/0
[2016-06-13 22:59:30 星期一] Stopping browser rendering...
[2016-06-13 22:59:30 星期一] Progress Event:100/10000
[2016-06-13 22:59:30 星期一] Saving temporary images in directory :D:\
[2016-06-13 22:59:30 星期一] Progress Event:10000/10000
[2016-06-13 22:59:30 星期一] Progress Event:10000/10000
[2016-06-13 22:59:31 星期一] running script:document.body.scrollWidth+'-'+document.body.scrollHeight
[2016-06-13 22:59:31 星期一] Screen sizes :1280 ,6347
[2016-06-13 22:59:31 星期一] Saving image to location :D:\qq.jpg
[2016-06-13 22:59:32 星期一] Screenshot manager stopped.Shell disposed.dispoding display...
[2016-06-13 22:59:32 星期一] waiting for browser to shutdown properly...
[2016-06-13 22:59:37 星期一] browser shotdown...
[2016-06-13 22:59:37 星期一] Device is disposed
[2016-06-13 23:08:15 星期一] Progress Event:0/10000
[2016-06-13 23:08:15 星期一] Progress Event:10000/10000
[2016-06-13 23:08:16 星期一] Progress Event:0/0
[2016-06-13 23:08:24 星期一] Progress Event:0/0
[2016-06-13 23:08:26 星期一] Stopping browser rendering...
[2016-06-13 23:08:26 星期一] Saving temporary images in directory :D:\
[2016-06-13 23:08:26 星期一] running script:document.body.scrollWidth+'-'+document.body.scrollHeight
[2016-06-13 23:08:26 星期一] Screen sizes :1280 ,3686
[2016-06-13 23:08:27 星期一] Saving image to location :D:\qq.jpg
[2016-06-13 23:08:27 星期一] Screenshot manager stopped.Shell disposed.dispoding display...
[2016-06-13 23:08:27 星期一] waiting for browser to shutdown properly...
[2016-06-13 23:08:32 星期一] browser shotdown...
[2016-06-13 23:08:32 星期一] Device is disposed
[2016-06-13 23:13:10 星期一] Progress Event:0/10000
[2016-06-13 23:13:10 星期一] Progress Event:10000/10000
[2016-06-13 23:13:11 星期一] Progress Event:10000/10000
[2016-06-13 23:13:13 星期一] Stopping browser rendering...
[2016-06-13 23:13:13 星期一] Saving temporary images in directory :D:\
[2016-06-13 23:13:13 星期一] running script:document.body.scrollWidth+'-'+document.body.scrollHeight
[2016-06-13 23:13:13 星期一] Screen sizes :1280 ,3686
[2016-06-13 23:13:15 星期一] Saving image to location :D:\qq.jpg
[2016-06-13 23:13:15 星期一] Screenshot manager stopped.Shell disposed.dispoding display...
[2016-06-13 23:13:15 星期一] waiting for browser to shutdown properly...
[2016-06-13 23:13:20 星期一] browser shotdown...
[2016-06-13 23:13:20 星期一] Device is disposed
[2016-06-13 23:17:15 星期一] Progress Event:0/10000
[2016-06-13 23:17:15 星期一] Progress Event:10000/10000
[2016-06-13 23:17:15 星期一] Progress Event:10000/10000
[2016-06-13 23:17:17 星期一] Stopping browser rendering...
[2016-06-13 23:17:17 星期一] Saving temporary images in directory :D:\
[2016-06-13 23:17:17 星期一] running script:document.body.scrollWidth+'-'+document.body.scrollHeight
[2016-06-13 23:17:17 星期一] Screen sizes :1280 ,3686
[2016-06-13 23:17:18 星期一] Saving image to location :D:\qq.jpg
[2016-06-13 23:17:18 星期一] Screenshot manager stopped.Shell disposed.dispoding display...
[2016-06-13 23:17:18 星期一] waiting for browser to shutdown properly...
[2016-06-13 23:17:23 星期一] browser shotdown...
[2016-06-13 23:17:23 星期一] Device is disposed
[2016-06-13 23:17:41 星期一] Progress Event:0/10000
[2016-06-13 23:17:41 星期一] Progress Event:10000/10000
[2016-06-13 23:17:41 星期一] Progress Event:10000/10000
[2016-06-13 23:17:43 星期一] Stopping browser rendering...
[2016-06-13 23:17:43 星期一] Saving temporary images in directory :D:\
[2016-06-13 23:17:43 星期一] running script:document.body.scrollWidth+'-'+document.body.scrollHeight
[2016-06-13 23:17:43 星期一] Screen sizes :1280 ,3686
[2016-06-13 23:17:44 星期一] Saving image to location :D:\qq.jpg
[2016-06-13 23:17:44 星期一] Screenshot manager stopped.Shell disposed.dispoding display...
[2016-06-13 23:17:44 星期一] waiting for browser to shutdown properly...
[2016-06-13 23:17:49 星期一] browser shotdown...
[2016-06-13 23:17:49 星期一] Device is disposed
